{"/Users/andresitopacheco/Desktop/workspace/Builder/JsPsych/server/routes/configs.js": {"path":"/Users/andresitopacheco/Desktop/workspace/Builder/JsPsych/server/routes/configs.js","statementMap":{"0":{"start":{"line":10,"column":15},"end":{"line":10,"column":23}},"1":{"start":{"line":21,"column":0},"end":{"line":39,"column":3}},"2":{"start":{"line":22,"column":2},"end":{"line":38,"column":3}},"3":{"start":{"line":23,"column":4},"end":{"line":23,"column":20}},"4":{"start":{"line":24,"column":22},"end":{"line":26,"column":5}},"5":{"start":{"line":25,"column":13},"end":{"line":25,"column":55}},"6":{"start":{"line":27,"column":4},"end":{"line":28,"column":77}},"7":{"start":{"line":28,"column":6},"end":{"line":28,"column":77}},"8":{"start":{"line":29,"column":4},"end":{"line":33,"column":7}},"9":{"start":{"line":35,"column":4},"end":{"line":37,"column":70}},"10":{"start":{"line":54,"column":0},"end":{"line":89,"column":3}},"11":{"start":{"line":55,"column":2},"end":{"line":88,"column":3}},"12":{"start":{"line":56,"column":46},"end":{"line":56,"column":54}},"13":{"start":{"line":58,"column":4},"end":{"line":58,"column":20}},"14":{"start":{"line":59,"column":26},"end":{"line":61,"column":5}},"15":{"start":{"line":60,"column":13},"end":{"line":60,"column":55}},"16":{"start":{"line":63,"column":22},"end":{"line":70,"column":5}},"17":{"start":{"line":72,"column":4},"end":{"line":82,"column":5}},"18":{"start":{"line":73,"column":6},"end":{"line":73,"column":69}},"19":{"start":{"line":75,"column":26},"end":{"line":75,"column":74}},"20":{"start":{"line":76,"column":6},"end":{"line":78,"column":7}},"21":{"start":{"line":77,"column":8},"end":{"line":77,"column":50}},"22":{"start":{"line":79,"column":6},"end":{"line":79,"column":49}},"23":{"start":{"line":81,"column":6},"end":{"line":81,"column":38}},"24":{"start":{"line":84,"column":4},"end":{"line":84,"column":21}},"25":{"start":{"line":85,"column":4},"end":{"line":85,"column":51}},"26":{"start":{"line":87,"column":4},"end":{"line":87,"column":67}},"27":{"start":{"line":95,"column":0},"end":{"line":106,"column":3}},"28":{"start":{"line":96,"column":2},"end":{"line":105,"column":3}},"29":{"start":{"line":97,"column":4},"end":{"line":97,"column":20}},"30":{"start":{"line":98,"column":22},"end":{"line":100,"column":5}},"31":{"start":{"line":99,"column":13},"end":{"line":99,"column":55}},"32":{"start":{"line":101,"column":16},"end":{"line":101,"column":78}},"33":{"start":{"line":102,"column":4},"end":{"line":102,"column":18}},"34":{"start":{"line":104,"column":4},"end":{"line":104,"column":79}},"35":{"start":{"line":114,"column":0},"end":{"line":142,"column":3}},"36":{"start":{"line":115,"column":2},"end":{"line":141,"column":3}},"37":{"start":{"line":116,"column":34},"end":{"line":116,"column":42}},"38":{"start":{"line":117,"column":4},"end":{"line":117,"column":20}},"39":{"start":{"line":118,"column":20},"end":{"line":120,"column":5}},"40":{"start":{"line":119,"column":13},"end":{"line":119,"column":55}},"41":{"start":{"line":121,"column":4},"end":{"line":131,"column":5}},"42":{"start":{"line":122,"column":6},"end":{"line":129,"column":8}},"43":{"start":{"line":130,"column":6},"end":{"line":130,"column":38}},"44":{"start":{"line":132,"column":4},"end":{"line":135,"column":6}},"45":{"start":{"line":136,"column":4},"end":{"line":136,"column":51}},"46":{"start":{"line":137,"column":4},"end":{"line":137,"column":21}},"47":{"start":{"line":138,"column":4},"end":{"line":138,"column":32}},"48":{"start":{"line":140,"column":4},"end":{"line":140,"column":67}}},"fnMap":{"0":{"name":"(anonymous_0)","decl":{"start":{"line":21,"column":45},"end":{"line":21,"column":46}},"loc":{"start":{"line":21,"column":65},"end":{"line":39,"column":1}},"line":21},"1":{"name":"(anonymous_1)","decl":{"start":{"line":25,"column":6},"end":{"line":25,"column":7}},"loc":{"start":{"line":25,"column":13},"end":{"line":25,"column":55}},"line":25},"2":{"name":"(anonymous_2)","decl":{"start":{"line":54,"column":46},"end":{"line":54,"column":47}},"loc":{"start":{"line":54,"column":66},"end":{"line":89,"column":1}},"line":54},"3":{"name":"(anonymous_3)","decl":{"start":{"line":60,"column":6},"end":{"line":60,"column":7}},"loc":{"start":{"line":60,"column":13},"end":{"line":60,"column":55}},"line":60},"4":{"name":"(anonymous_4)","decl":{"start":{"line":95,"column":53},"end":{"line":95,"column":54}},"loc":{"start":{"line":95,"column":73},"end":{"line":106,"column":1}},"line":95},"5":{"name":"(anonymous_5)","decl":{"start":{"line":99,"column":6},"end":{"line":99,"column":7}},"loc":{"start":{"line":99,"column":13},"end":{"line":99,"column":55}},"line":99},"6":{"name":"(anonymous_6)","decl":{"start":{"line":114,"column":54},"end":{"line":114,"column":55}},"loc":{"start":{"line":114,"column":74},"end":{"line":142,"column":1}},"line":114},"7":{"name":"(anonymous_7)","decl":{"start":{"line":119,"column":6},"end":{"line":119,"column":7}},"loc":{"start":{"line":119,"column":13},"end":{"line":119,"column":55}},"line":119}},"branchMap":{"0":{"loc":{"start":{"line":27,"column":4},"end":{"line":28,"column":77}},"type":"if","locations":[{"start":{"line":27,"column":4},"end":{"line":28,"column":77}},{"start":{},"end":{}}],"line":27},"1":{"loc":{"start":{"line":32,"column":18},"end":{"line":32,"column":47}},"type":"binary-expr","locations":[{"start":{"line":32,"column":18},"end":{"line":32,"column":38}},{"start":{"line":32,"column":42},"end":{"line":32,"column":47}}],"line":32},"2":{"loc":{"start":{"line":67,"column":18},"end":{"line":67,"column":37}},"type":"binary-expr","locations":[{"start":{"line":67,"column":18},"end":{"line":67,"column":28}},{"start":{"line":67,"column":32},"end":{"line":67,"column":37}}],"line":67},"3":{"loc":{"start":{"line":72,"column":4},"end":{"line":82,"column":5}},"type":"if","locations":[{"start":{"line":72,"column":4},"end":{"line":82,"column":5}},{"start":{"line":80,"column":11},"end":{"line":82,"column":5}}],"line":72},"4":{"loc":{"start":{"line":76,"column":6},"end":{"line":78,"column":7}},"type":"if","locations":[{"start":{"line":76,"column":6},"end":{"line":78,"column":7}},{"start":{},"end":{}}],"line":76},"5":{"loc":{"start":{"line":76,"column":10},"end":{"line":76,"column":66}},"type":"binary-expr","locations":[{"start":{"line":76,"column":10},"end":{"line":76,"column":29}},{"start":{"line":76,"column":33},"end":{"line":76,"column":66}}],"line":76},"6":{"loc":{"start":{"line":101,"column":16},"end":{"line":101,"column":78}},"type":"binary-expr","locations":[{"start":{"line":101,"column":16},"end":{"line":101,"column":44}},{"start":{"line":101,"column":48},"end":{"line":101,"column":78}}],"line":101},"7":{"loc":{"start":{"line":121,"column":4},"end":{"line":131,"column":5}},"type":"if","locations":[{"start":{"line":121,"column":4},"end":{"line":131,"column":5}},{"start":{},"end":{}}],"line":121},"8":{"loc":{"start":{"line":133,"column":14},"end":{"line":133,"column":26}},"type":"binary-expr","locations":[{"start":{"line":133,"column":14},"end":{"line":133,"column":20}},{"start":{"line":133,"column":24},"end":{"line":133,"column":26}}],"line":133},"9":{"loc":{"start":{"line":134,"column":17},"end":{"line":134,"column":33}},"type":"binary-expr","locations":[{"start":{"line":134,"column":17},"end":{"line":134,"column":26}},{"start":{"line":134,"column":30},"end":{"line":134,"column":33}}],"line":134}},"s":{"0":15,"1":15,"2":4,"3":4,"4":3,"5":2,"6":3,"7":1,"8":2,"9":1,"10":15,"11":5,"12":5,"13":5,"14":4,"15":3,"16":4,"17":4,"18":3,"19":3,"20":3,"21":1,"22":3,"23":1,"24":4,"25":4,"26":1,"27":15,"28":3,"29":3,"30":2,"31":1,"32":2,"33":2,"34":1,"35":15,"36":3,"37":3,"38":3,"39":2,"40":1,"41":2,"42":1,"43":1,"44":2,"45":2,"46":2,"47":2,"48":1},"f":{"0":4,"1":2,"2":5,"3":3,"4":3,"5":1,"6":3,"7":1},"b":{"0":[1,2],"1":[2,1],"2":[4,2],"3":[3,1],"4":[1,2],"5":[3,1],"6":[2,1],"7":[1,1],"8":[2,0],"9":[2,0]},"inputSourceMap":null,"_coverageSchema":"1a1c01bbd47fc00a2c39e90264f33305004495a9","hash":"2d208dee4cb5c664c9587c6808bbba49f03028ad"}
,"/Users/andresitopacheco/Desktop/workspace/Builder/JsPsych/server/routes/db.js": {"path":"/Users/andresitopacheco/Desktop/workspace/Builder/JsPsych/server/routes/db.js","statementMap":{"0":{"start":{"line":15,"column":15},"end":{"line":15,"column":23}},"1":{"start":{"line":23,"column":2},"end":{"line":28,"column":4}},"2":{"start":{"line":31,"column":28},"end":{"line":31,"column":68}},"3":{"start":{"line":40,"column":14},"end":{"line":40,"column":25}},"4":{"start":{"line":42,"column":2},"end":{"line":80,"column":3}},"5":{"start":{"line":43,"column":27},"end":{"line":43,"column":69}},"6":{"start":{"line":44,"column":23},"end":{"line":44,"column":51}},"7":{"start":{"line":45,"column":19},"end":{"line":45,"column":41}},"8":{"start":{"line":48,"column":6},"end":{"line":49,"column":10}},"9":{"start":{"line":48,"column":33},"end":{"line":48,"column":75}},"10":{"start":{"line":51,"column":6},"end":{"line":52,"column":10}},"11":{"start":{"line":51,"column":34},"end":{"line":51,"column":76}},"12":{"start":{"line":53,"column":27},"end":{"line":55,"column":5}},"13":{"start":{"line":54,"column":13},"end":{"line":54,"column":55}},"14":{"start":{"line":57,"column":4},"end":{"line":64,"column":6}},"15":{"start":{"line":67,"column":21},"end":{"line":67,"column":60}},"16":{"start":{"line":68,"column":4},"end":{"line":79,"column":5}},"17":{"start":{"line":69,"column":6},"end":{"line":78,"column":7}},"18":{"start":{"line":70,"column":24},"end":{"line":70,"column":49}},"19":{"start":{"line":71,"column":8},"end":{"line":71,"column":46}},"20":{"start":{"line":71,"column":37},"end":{"line":71,"column":46}},"21":{"start":{"line":72,"column":8},"end":{"line":77,"column":9}},"22":{"start":{"line":73,"column":27},"end":{"line":73,"column":55}},"23":{"start":{"line":74,"column":10},"end":{"line":76,"column":11}},"24":{"start":{"line":75,"column":12},"end":{"line":75,"column":74}},"25":{"start":{"line":82,"column":2},"end":{"line":82,"column":51}},"26":{"start":{"line":91,"column":0},"end":{"line":121,"column":3}},"27":{"start":{"line":92,"column":2},"end":{"line":120,"column":3}},"28":{"start":{"line":93,"column":4},"end":{"line":93,"column":20}},"29":{"start":{"line":94,"column":22},"end":{"line":94,"column":47}},"30":{"start":{"line":95,"column":4},"end":{"line":97,"column":5}},"31":{"start":{"line":96,"column":6},"end":{"line":96,"column":69}},"32":{"start":{"line":99,"column":4},"end":{"line":109,"column":5}},"33":{"start":{"line":100,"column":18},"end":{"line":104,"column":7}},"34":{"start":{"line":103,"column":22},"end":{"line":103,"column":30}},"35":{"start":{"line":105,"column":6},"end":{"line":105,"column":71}},"36":{"start":{"line":105,"column":46},"end":{"line":105,"column":69}},"37":{"start":{"line":106,"column":6},"end":{"line":108,"column":7}},"38":{"start":{"line":107,"column":8},"end":{"line":107,"column":80}},"39":{"start":{"line":110,"column":19},"end":{"line":110,"column":57}},"40":{"start":{"line":111,"column":17},"end":{"line":111,"column":54}},"41":{"start":{"line":112,"column":4},"end":{"line":112,"column":53}},"42":{"start":{"line":113,"column":4},"end":{"line":116,"column":6}},"43":{"start":{"line":117,"column":4},"end":{"line":117,"column":21}},"44":{"start":{"line":119,"column":4},"end":{"line":119,"column":49}},"45":{"start":{"line":128,"column":0},"end":{"line":148,"column":3}},"46":{"start":{"line":129,"column":2},"end":{"line":147,"column":3}},"47":{"start":{"line":130,"column":4},"end":{"line":130,"column":20}},"48":{"start":{"line":131,"column":23},"end":{"line":133,"column":5}},"49":{"start":{"line":132,"column":13},"end":{"line":132,"column":55}},"50":{"start":{"line":134,"column":4},"end":{"line":136,"column":5}},"51":{"start":{"line":135,"column":6},"end":{"line":135,"column":69}},"52":{"start":{"line":137,"column":19},"end":{"line":137,"column":58}},"53":{"start":{"line":138,"column":21},"end":{"line":138,"column":77}},"54":{"start":{"line":139,"column":4},"end":{"line":139,"column":53}},"55":{"start":{"line":140,"column":4},"end":{"line":143,"column":6}},"56":{"start":{"line":144,"column":4},"end":{"line":144,"column":21}},"57":{"start":{"line":146,"column":4},"end":{"line":146,"column":49}},"58":{"start":{"line":158,"column":24},"end":{"line":158,"column":47}},"59":{"start":{"line":159,"column":0},"end":{"line":276,"column":2}},"60":{"start":{"line":163,"column":4},"end":{"line":167,"column":5}},"61":{"start":{"line":164,"column":6},"end":{"line":166,"column":61}},"62":{"start":{"line":168,"column":25},"end":{"line":168,"column":38}},"63":{"start":{"line":169,"column":4},"end":{"line":274,"column":5}},"64":{"start":{"line":170,"column":24},"end":{"line":170,"column":53}},"65":{"start":{"line":171,"column":6},"end":{"line":171,"column":34}},"66":{"start":{"line":173,"column":18},"end":{"line":173,"column":50}},"67":{"start":{"line":175,"column":6},"end":{"line":175,"column":22}},"68":{"start":{"line":178,"column":32},"end":{"line":178,"column":41}},"69":{"start":{"line":179,"column":6},"end":{"line":182,"column":9}},"70":{"start":{"line":180,"column":29},"end":{"line":180,"column":55}},"71":{"start":{"line":181,"column":8},"end":{"line":181,"column":62}},"72":{"start":{"line":181,"column":26},"end":{"line":181,"column":62}},"73":{"start":{"line":184,"column":26},"end":{"line":184,"column":27}},"74":{"start":{"line":186,"column":6},"end":{"line":263,"column":7}},"75":{"start":{"line":187,"column":25},"end":{"line":187,"column":60}},"76":{"start":{"line":188,"column":8},"end":{"line":188,"column":32}},"77":{"start":{"line":188,"column":23},"end":{"line":188,"column":32}},"78":{"start":{"line":191,"column":8},"end":{"line":195,"column":9}},"79":{"start":{"line":192,"column":10},"end":{"line":192,"column":60}},"80":{"start":{"line":194,"column":10},"end":{"line":194,"column":19}},"81":{"start":{"line":197,"column":63},"end":{"line":197,"column":67}},"82":{"start":{"line":198,"column":8},"end":{"line":198,"column":48}},"83":{"start":{"line":198,"column":39},"end":{"line":198,"column":48}},"84":{"start":{"line":201,"column":23},"end":{"line":203,"column":9}},"85":{"start":{"line":202,"column":17},"end":{"line":202,"column":59}},"86":{"start":{"line":204,"column":8},"end":{"line":205,"column":50}},"87":{"start":{"line":204,"column":27},"end":{"line":204,"column":68}},"88":{"start":{"line":205,"column":13},"end":{"line":205,"column":50}},"89":{"start":{"line":208,"column":8},"end":{"line":214,"column":9}},"90":{"start":{"line":209,"column":23},"end":{"line":211,"column":11}},"91":{"start":{"line":210,"column":19},"end":{"line":210,"column":61}},"92":{"start":{"line":212,"column":10},"end":{"line":213,"column":43}},"93":{"start":{"line":212,"column":27},"end":{"line":212,"column":57}},"94":{"start":{"line":213,"column":15},"end":{"line":213,"column":43}},"95":{"start":{"line":217,"column":8},"end":{"line":223,"column":9}},"96":{"start":{"line":218,"column":23},"end":{"line":220,"column":11}},"97":{"start":{"line":219,"column":19},"end":{"line":219,"column":61}},"98":{"start":{"line":221,"column":10},"end":{"line":222,"column":44}},"99":{"start":{"line":221,"column":27},"end":{"line":221,"column":58}},"100":{"start":{"line":222,"column":15},"end":{"line":222,"column":44}},"101":{"start":{"line":226,"column":8},"end":{"line":231,"column":9}},"102":{"start":{"line":227,"column":10},"end":{"line":229,"column":12}},"103":{"start":{"line":228,"column":19},"end":{"line":228,"column":61}},"104":{"start":{"line":230,"column":10},"end":{"line":230,"column":57}},"105":{"start":{"line":234,"column":31},"end":{"line":234,"column":73}},"106":{"start":{"line":235,"column":29},"end":{"line":235,"column":55}},"107":{"start":{"line":237,"column":8},"end":{"line":260,"column":9}},"108":{"start":{"line":238,"column":10},"end":{"line":238,"column":36}},"109":{"start":{"line":238,"column":27},"end":{"line":238,"column":36}},"110":{"start":{"line":239,"column":10},"end":{"line":239,"column":62}},"111":{"start":{"line":239,"column":53},"end":{"line":239,"column":62}},"112":{"start":{"line":241,"column":26},"end":{"line":241,"column":62}},"113":{"start":{"line":242,"column":10},"end":{"line":242,"column":48}},"114":{"start":{"line":242,"column":39},"end":{"line":242,"column":48}},"115":{"start":{"line":244,"column":24},"end":{"line":244,"column":42}},"116":{"start":{"line":245,"column":10},"end":{"line":245,"column":43}},"117":{"start":{"line":245,"column":34},"end":{"line":245,"column":43}},"118":{"start":{"line":246,"column":38},"end":{"line":246,"column":43}},"119":{"start":{"line":247,"column":10},"end":{"line":247,"column":55}},"120":{"start":{"line":247,"column":46},"end":{"line":247,"column":55}},"121":{"start":{"line":250,"column":31},"end":{"line":250,"column":57}},"122":{"start":{"line":251,"column":10},"end":{"line":251,"column":70}},"123":{"start":{"line":251,"column":61},"end":{"line":251,"column":70}},"124":{"start":{"line":253,"column":28},"end":{"line":253,"column":73}},"125":{"start":{"line":254,"column":29},"end":{"line":254,"column":63}},"126":{"start":{"line":255,"column":10},"end":{"line":256,"column":21}},"127":{"start":{"line":256,"column":12},"end":{"line":256,"column":21}},"128":{"start":{"line":258,"column":10},"end":{"line":258,"column":55}},"129":{"start":{"line":259,"column":10},"end":{"line":259,"column":74}},"130":{"start":{"line":262,"column":8},"end":{"line":262,"column":24}},"131":{"start":{"line":265,"column":6},"end":{"line":265,"column":23}},"132":{"start":{"line":266,"column":6},"end":{"line":266,"column":59}},"133":{"start":{"line":268,"column":6},"end":{"line":272,"column":7}},"134":{"start":{"line":269,"column":8},"end":{"line":271,"column":18}},"135":{"start":{"line":270,"column":10},"end":{"line":270,"column":38}},"136":{"start":{"line":273,"column":6},"end":{"line":273,"column":67}},"137":{"start":{"line":283,"column":0},"end":{"line":363,"column":3}},"138":{"start":{"line":284,"column":2},"end":{"line":362,"column":3}},"139":{"start":{"line":285,"column":33},"end":{"line":285,"column":41}},"140":{"start":{"line":287,"column":4},"end":{"line":287,"column":20}},"141":{"start":{"line":288,"column":24},"end":{"line":288,"column":49}},"142":{"start":{"line":291,"column":4},"end":{"line":323,"column":5}},"143":{"start":{"line":292,"column":6},"end":{"line":322,"column":7}},"144":{"start":{"line":293,"column":8},"end":{"line":321,"column":9}},"145":{"start":{"line":294,"column":36},"end":{"line":299,"column":30}},"146":{"start":{"line":301,"column":30},"end":{"line":304,"column":11}},"147":{"start":{"line":306,"column":10},"end":{"line":308,"column":11}},"148":{"start":{"line":307,"column":12},"end":{"line":307,"column":53}},"149":{"start":{"line":310,"column":30},"end":{"line":310,"column":79}},"150":{"start":{"line":311,"column":10},"end":{"line":315,"column":13}},"151":{"start":{"line":317,"column":10},"end":{"line":320,"column":12}},"152":{"start":{"line":326,"column":4},"end":{"line":326,"column":29}},"153":{"start":{"line":327,"column":4},"end":{"line":327,"column":24}},"154":{"start":{"line":328,"column":4},"end":{"line":328,"column":25}},"155":{"start":{"line":329,"column":4},"end":{"line":329,"column":31}},"156":{"start":{"line":330,"column":4},"end":{"line":330,"column":32}},"157":{"start":{"line":331,"column":4},"end":{"line":331,"column":21}},"158":{"start":{"line":334,"column":4},"end":{"line":341,"column":5}},"159":{"start":{"line":335,"column":16},"end":{"line":335,"column":42}},"160":{"start":{"line":336,"column":6},"end":{"line":340,"column":7}},"161":{"start":{"line":337,"column":8},"end":{"line":339,"column":9}},"162":{"start":{"line":338,"column":10},"end":{"line":338,"column":74}},"163":{"start":{"line":344,"column":24},"end":{"line":344,"column":35}},"164":{"start":{"line":345,"column":4},"end":{"line":347,"column":5}},"165":{"start":{"line":346,"column":6},"end":{"line":346,"column":53}},"166":{"start":{"line":348,"column":4},"end":{"line":353,"column":5}},"167":{"start":{"line":349,"column":16},"end":{"line":349,"column":42}},"168":{"start":{"line":350,"column":6},"end":{"line":352,"column":7}},"169":{"start":{"line":351,"column":8},"end":{"line":351,"column":55}},"170":{"start":{"line":355,"column":4},"end":{"line":358,"column":7}},"171":{"start":{"line":360,"column":4},"end":{"line":360,"column":48}},"172":{"start":{"line":361,"column":4},"end":{"line":361,"column":67}}},"fnMap":{"0":{"name":"sanitizeName","decl":{"start":{"line":22,"column":9},"end":{"line":22,"column":21}},"loc":{"start":{"line":22,"column":28},"end":{"line":29,"column":1}},"line":22},"1":{"name":"buildExperimentsZip","decl":{"start":{"line":39,"column":15},"end":{"line":39,"column":34}},"loc":{"start":{"line":39,"column":48},"end":{"line":83,"column":1}},"line":39},"2":{"name":"(anonymous_2)","decl":{"start":{"line":48,"column":26},"end":{"line":48,"column":27}},"loc":{"start":{"line":48,"column":33},"end":{"line":48,"column":75}},"line":48},"3":{"name":"(anonymous_3)","decl":{"start":{"line":51,"column":27},"end":{"line":51,"column":28}},"loc":{"start":{"line":51,"column":34},"end":{"line":51,"column":76}},"line":51},"4":{"name":"(anonymous_4)","decl":{"start":{"line":54,"column":6},"end":{"line":54,"column":7}},"loc":{"start":{"line":54,"column":13},"end":{"line":54,"column":55}},"line":54},"5":{"name":"(anonymous_5)","decl":{"start":{"line":91,"column":42},"end":{"line":91,"column":43}},"loc":{"start":{"line":91,"column":62},"end":{"line":121,"column":1}},"line":91},"6":{"name":"(anonymous_6)","decl":{"start":{"line":103,"column":15},"end":{"line":103,"column":16}},"loc":{"start":{"line":103,"column":22},"end":{"line":103,"column":30}},"line":103},"7":{"name":"(anonymous_7)","decl":{"start":{"line":105,"column":39},"end":{"line":105,"column":40}},"loc":{"start":{"line":105,"column":46},"end":{"line":105,"column":69}},"line":105},"8":{"name":"(anonymous_8)","decl":{"start":{"line":128,"column":51},"end":{"line":128,"column":52}},"loc":{"start":{"line":128,"column":71},"end":{"line":148,"column":1}},"line":128},"9":{"name":"(anonymous_9)","decl":{"start":{"line":132,"column":6},"end":{"line":132,"column":7}},"loc":{"start":{"line":132,"column":13},"end":{"line":132,"column":55}},"line":132},"10":{"name":"(anonymous_10)","decl":{"start":{"line":162,"column":2},"end":{"line":162,"column":3}},"loc":{"start":{"line":162,"column":22},"end":{"line":275,"column":3}},"line":162},"11":{"name":"(anonymous_11)","decl":{"start":{"line":179,"column":18},"end":{"line":179,"column":19}},"loc":{"start":{"line":179,"column":36},"end":{"line":182,"column":7}},"line":179},"12":{"name":"(anonymous_12)","decl":{"start":{"line":202,"column":10},"end":{"line":202,"column":11}},"loc":{"start":{"line":202,"column":17},"end":{"line":202,"column":59}},"line":202},"13":{"name":"(anonymous_13)","decl":{"start":{"line":210,"column":12},"end":{"line":210,"column":13}},"loc":{"start":{"line":210,"column":19},"end":{"line":210,"column":61}},"line":210},"14":{"name":"(anonymous_14)","decl":{"start":{"line":219,"column":12},"end":{"line":219,"column":13}},"loc":{"start":{"line":219,"column":19},"end":{"line":219,"column":61}},"line":219},"15":{"name":"(anonymous_15)","decl":{"start":{"line":228,"column":12},"end":{"line":228,"column":13}},"loc":{"start":{"line":228,"column":19},"end":{"line":228,"column":61}},"line":228},"16":{"name":"(anonymous_16)","decl":{"start":{"line":283,"column":30},"end":{"line":283,"column":31}},"loc":{"start":{"line":283,"column":50},"end":{"line":363,"column":1}},"line":283}},"branchMap":{"0":{"loc":{"start":{"line":24,"column":4},"end":{"line":27,"column":29}},"type":"binary-expr","locations":[{"start":{"line":24,"column":4},"end":{"line":27,"column":13}},{"start":{"line":27,"column":17},"end":{"line":27,"column":29}}],"line":24},"1":{"loc":{"start":{"line":43,"column":27},"end":{"line":43,"column":69}},"type":"binary-expr","locations":[{"start":{"line":43,"column":27},"end":{"line":43,"column":42}},{"start":{"line":43,"column":46},"end":{"line":43,"column":69}}],"line":43},"2":{"loc":{"start":{"line":48,"column":6},"end":{"line":49,"column":10}},"type":"binary-expr","locations":[{"start":{"line":48,"column":6},"end":{"line":48,"column":76}},{"start":{"line":49,"column":6},"end":{"line":49,"column":10}}],"line":48},"3":{"loc":{"start":{"line":51,"column":6},"end":{"line":52,"column":10}},"type":"binary-expr","locations":[{"start":{"line":51,"column":6},"end":{"line":51,"column":77}},{"start":{"line":52,"column":6},"end":{"line":52,"column":10}}],"line":51},"4":{"loc":{"start":{"line":68,"column":4},"end":{"line":79,"column":5}},"type":"if","locations":[{"start":{"line":68,"column":4},"end":{"line":79,"column":5}},{"start":{},"end":{}}],"line":68},"5":{"loc":{"start":{"line":71,"column":8},"end":{"line":71,"column":46}},"type":"if","locations":[{"start":{"line":71,"column":8},"end":{"line":71,"column":46}},{"start":{},"end":{}}],"line":71},"6":{"loc":{"start":{"line":74,"column":10},"end":{"line":76,"column":11}},"type":"if","locations":[{"start":{"line":74,"column":10},"end":{"line":76,"column":11}},{"start":{},"end":{}}],"line":74},"7":{"loc":{"start":{"line":94,"column":22},"end":{"line":94,"column":47}},"type":"binary-expr","locations":[{"start":{"line":94,"column":22},"end":{"line":94,"column":41}},{"start":{"line":94,"column":45},"end":{"line":94,"column":47}}],"line":94},"8":{"loc":{"start":{"line":95,"column":4},"end":{"line":97,"column":5}},"type":"if","locations":[{"start":{"line":95,"column":4},"end":{"line":97,"column":5}},{"start":{},"end":{}}],"line":95},"9":{"loc":{"start":{"line":99,"column":4},"end":{"line":109,"column":5}},"type":"if","locations":[{"start":{"line":99,"column":4},"end":{"line":109,"column":5}},{"start":{},"end":{}}],"line":99},"10":{"loc":{"start":{"line":106,"column":6},"end":{"line":108,"column":7}},"type":"if","locations":[{"start":{"line":106,"column":6},"end":{"line":108,"column":7}},{"start":{},"end":{}}],"line":106},"11":{"loc":{"start":{"line":134,"column":4},"end":{"line":136,"column":5}},"type":"if","locations":[{"start":{"line":134,"column":4},"end":{"line":136,"column":5}},{"start":{},"end":{}}],"line":134},"12":{"loc":{"start":{"line":138,"column":34},"end":{"line":138,"column":76}},"type":"binary-expr","locations":[{"start":{"line":138,"column":34},"end":{"line":138,"column":49}},{"start":{"line":138,"column":53},"end":{"line":138,"column":76}}],"line":138},"13":{"loc":{"start":{"line":163,"column":4},"end":{"line":167,"column":5}},"type":"if","locations":[{"start":{"line":163,"column":4},"end":{"line":167,"column":5}},{"start":{},"end":{}}],"line":163},"14":{"loc":{"start":{"line":181,"column":8},"end":{"line":181,"column":62}},"type":"if","locations":[{"start":{"line":181,"column":8},"end":{"line":181,"column":62}},{"start":{},"end":{}}],"line":181},"15":{"loc":{"start":{"line":188,"column":8},"end":{"line":188,"column":32}},"type":"if","locations":[{"start":{"line":188,"column":8},"end":{"line":188,"column":32}},{"start":{},"end":{}}],"line":188},"16":{"loc":{"start":{"line":198,"column":8},"end":{"line":198,"column":48}},"type":"if","locations":[{"start":{"line":198,"column":8},"end":{"line":198,"column":48}},{"start":{},"end":{}}],"line":198},"17":{"loc":{"start":{"line":204,"column":8},"end":{"line":205,"column":50}},"type":"if","locations":[{"start":{"line":204,"column":8},"end":{"line":205,"column":50}},{"start":{"line":205,"column":13},"end":{"line":205,"column":50}}],"line":204},"18":{"loc":{"start":{"line":208,"column":8},"end":{"line":214,"column":9}},"type":"if","locations":[{"start":{"line":208,"column":8},"end":{"line":214,"column":9}},{"start":{},"end":{}}],"line":208},"19":{"loc":{"start":{"line":212,"column":10},"end":{"line":213,"column":43}},"type":"if","locations":[{"start":{"line":212,"column":10},"end":{"line":213,"column":43}},{"start":{"line":213,"column":15},"end":{"line":213,"column":43}}],"line":212},"20":{"loc":{"start":{"line":217,"column":8},"end":{"line":223,"column":9}},"type":"if","locations":[{"start":{"line":217,"column":8},"end":{"line":223,"column":9}},{"start":{},"end":{}}],"line":217},"21":{"loc":{"start":{"line":221,"column":10},"end":{"line":222,"column":44}},"type":"if","locations":[{"start":{"line":221,"column":10},"end":{"line":222,"column":44}},{"start":{"line":222,"column":15},"end":{"line":222,"column":44}}],"line":221},"22":{"loc":{"start":{"line":226,"column":8},"end":{"line":231,"column":9}},"type":"if","locations":[{"start":{"line":226,"column":8},"end":{"line":231,"column":9}},{"start":{},"end":{}}],"line":226},"23":{"loc":{"start":{"line":226,"column":12},"end":{"line":226,"column":70}},"type":"binary-expr","locations":[{"start":{"line":226,"column":12},"end":{"line":226,"column":41}},{"start":{"line":226,"column":45},"end":{"line":226,"column":70}}],"line":226},"24":{"loc":{"start":{"line":234,"column":31},"end":{"line":234,"column":73}},"type":"binary-expr","locations":[{"start":{"line":234,"column":31},"end":{"line":234,"column":46}},{"start":{"line":234,"column":50},"end":{"line":234,"column":73}}],"line":234},"25":{"loc":{"start":{"line":238,"column":10},"end":{"line":238,"column":36}},"type":"if","locations":[{"start":{"line":238,"column":10},"end":{"line":238,"column":36}},{"start":{},"end":{}}],"line":238},"26":{"loc":{"start":{"line":239,"column":10},"end":{"line":239,"column":62}},"type":"if","locations":[{"start":{"line":239,"column":10},"end":{"line":239,"column":62}},{"start":{},"end":{}}],"line":239},"27":{"loc":{"start":{"line":242,"column":10},"end":{"line":242,"column":48}},"type":"if","locations":[{"start":{"line":242,"column":10},"end":{"line":242,"column":48}},{"start":{},"end":{}}],"line":242},"28":{"loc":{"start":{"line":245,"column":10},"end":{"line":245,"column":43}},"type":"if","locations":[{"start":{"line":245,"column":10},"end":{"line":245,"column":43}},{"start":{},"end":{}}],"line":245},"29":{"loc":{"start":{"line":247,"column":10},"end":{"line":247,"column":55}},"type":"if","locations":[{"start":{"line":247,"column":10},"end":{"line":247,"column":55}},{"start":{},"end":{}}],"line":247},"30":{"loc":{"start":{"line":251,"column":10},"end":{"line":251,"column":70}},"type":"if","locations":[{"start":{"line":251,"column":10},"end":{"line":251,"column":70}},{"start":{},"end":{}}],"line":251},"31":{"loc":{"start":{"line":251,"column":14},"end":{"line":251,"column":59}},"type":"binary-expr","locations":[{"start":{"line":251,"column":14},"end":{"line":251,"column":27}},{"start":{"line":251,"column":31},"end":{"line":251,"column":59}}],"line":251},"32":{"loc":{"start":{"line":255,"column":10},"end":{"line":256,"column":21}},"type":"if","locations":[{"start":{"line":255,"column":10},"end":{"line":256,"column":21}},{"start":{},"end":{}}],"line":255},"33":{"loc":{"start":{"line":268,"column":6},"end":{"line":272,"column":7}},"type":"if","locations":[{"start":{"line":268,"column":6},"end":{"line":272,"column":7}},{"start":{},"end":{}}],"line":268},"34":{"loc":{"start":{"line":288,"column":24},"end":{"line":288,"column":49}},"type":"binary-expr","locations":[{"start":{"line":288,"column":24},"end":{"line":288,"column":43}},{"start":{"line":288,"column":47},"end":{"line":288,"column":49}}],"line":288},"35":{"loc":{"start":{"line":291,"column":4},"end":{"line":323,"column":5}},"type":"if","locations":[{"start":{"line":291,"column":4},"end":{"line":323,"column":5}},{"start":{},"end":{}}],"line":291},"36":{"loc":{"start":{"line":291,"column":8},"end":{"line":291,"column":39}},"type":"binary-expr","locations":[{"start":{"line":291,"column":8},"end":{"line":291,"column":11}},{"start":{"line":291,"column":15},"end":{"line":291,"column":39}}],"line":291},"37":{"loc":{"start":{"line":294,"column":36},"end":{"line":299,"column":30}},"type":"cond-expr","locations":[{"start":{"line":295,"column":14},"end":{"line":298,"column":30}},{"start":{"line":299,"column":14},"end":{"line":299,"column":30}}],"line":294},"38":{"loc":{"start":{"line":306,"column":10},"end":{"line":308,"column":11}},"type":"if","locations":[{"start":{"line":306,"column":10},"end":{"line":308,"column":11}},{"start":{},"end":{}}],"line":306},"39":{"loc":{"start":{"line":336,"column":6},"end":{"line":340,"column":7}},"type":"if","locations":[{"start":{"line":336,"column":6},"end":{"line":340,"column":7}},{"start":{},"end":{}}],"line":336},"40":{"loc":{"start":{"line":346,"column":23},"end":{"line":346,"column":51}},"type":"binary-expr","locations":[{"start":{"line":346,"column":23},"end":{"line":346,"column":31}},{"start":{"line":346,"column":35},"end":{"line":346,"column":51}}],"line":346},"41":{"loc":{"start":{"line":350,"column":6},"end":{"line":352,"column":7}},"type":"if","locations":[{"start":{"line":350,"column":6},"end":{"line":352,"column":7}},{"start":{},"end":{}}],"line":350}},"s":{"0":16,"1":10,"2":16,"3":7,"4":7,"5":7,"6":7,"7":7,"8":7,"9":1,"10":7,"11":1,"12":7,"13":1,"14":7,"15":7,"16":7,"17":1,"18":4,"19":4,"20":3,"21":1,"22":1,"23":1,"24":1,"25":7,"26":16,"27":7,"28":7,"29":6,"30":6,"31":1,"32":5,"33":2,"34":2,"35":2,"36":3,"37":2,"38":1,"39":4,"40":4,"41":4,"42":4,"43":4,"44":1,"45":16,"46":5,"47":5,"48":4,"49":3,"50":4,"51":1,"52":3,"53":3,"54":3,"55":3,"56":3,"57":1,"58":16,"59":16,"60":1,"61":1,"62":0,"63":0,"64":0,"65":0,"66":0,"67":0,"68":0,"69":0,"70":0,"71":0,"72":0,"73":0,"74":0,"75":0,"76":0,"77":0,"78":0,"79":0,"80":0,"81":0,"82":0,"83":0,"84":0,"85":0,"86":0,"87":0,"88":0,"89":0,"90":0,"91":0,"92":0,"93":0,"94":0,"95":0,"96":0,"97":0,"98":0,"99":0,"100":0,"101":0,"102":0,"103":0,"104":0,"105":0,"106":0,"107":0,"108":0,"109":0,"110":0,"111":0,"112":0,"113":0,"114":0,"115":0,"116":0,"117":0,"118":0,"119":0,"120":0,"121":0,"122":0,"123":0,"124":0,"125":0,"126":0,"127":0,"128":0,"129":0,"130":0,"131":0,"132":0,"133":0,"134":0,"135":0,"136":0,"137":16,"138":3,"139":3,"140":3,"141":2,"142":2,"143":0,"144":0,"145":0,"146":0,"147":0,"148":0,"149":0,"150":0,"151":0,"152":2,"153":2,"154":2,"155":2,"156":2,"157":2,"158":2,"159":4,"160":4,"161":2,"162":2,"163":2,"164":2,"165":2,"166":2,"167":4,"168":4,"169":2,"170":2,"171":1,"172":1},"f":{"0":10,"1":7,"2":1,"3":1,"4":1,"5":7,"6":2,"7":3,"8":5,"9":3,"10":1,"11":0,"12":0,"13":0,"14":0,"15":0,"16":3},"b":{"0":[10,0],"1":[7,0],"2":[7,6],"3":[7,6],"4":[1,6],"5":[3,1],"6":[1,0],"7":[6,0],"8":[1,5],"9":[2,3],"10":[1,1],"11":[1,3],"12":[3,0],"13":[1,0],"14":[0,0],"15":[0,0],"16":[0,0],"17":[0,0],"18":[0,0],"19":[0,0],"20":[0,0],"21":[0,0],"22":[0,0],"23":[0,0],"24":[0,0],"25":[0,0],"26":[0,0],"27":[0,0],"28":[0,0],"29":[0,0],"30":[0,0],"31":[0,0],"32":[0,0],"33":[0,0],"34":[2,0],"35":[0,2],"36":[2,0],"37":[0,0],"38":[0,0],"39":[2,2],"40":[2,0],"41":[2,2]},"inputSourceMap":null,"_coverageSchema":"1a1c01bbd47fc00a2c39e90264f33305004495a9","hash":"ab7a0b6b150ad03d8958038228fc836323e3557f"}
,"/Users/andresitopacheco/Desktop/workspace/Builder/JsPsych/server/routes/experiments.js": {"path":"/Users/andresitopacheco/Desktop/workspace/Builder/JsPsych/server/routes/experiments.js","statementMap":{"0":{"start":{"line":18,"column":15},"end":{"line":18,"column":23}},"1":{"start":{"line":21,"column":27},"end":{"line":21,"column":70}},"2":{"start":{"line":22,"column":30},"end":{"line":22,"column":77}},"3":{"start":{"line":23,"column":0},"end":{"line":24,"column":56}},"4":{"start":{"line":24,"column":2},"end":{"line":24,"column":56}},"5":{"start":{"line":25,"column":0},"end":{"line":26,"column":59}},"6":{"start":{"line":26,"column":2},"end":{"line":26,"column":59}},"7":{"start":{"line":41,"column":0},"end":{"line":52,"column":3}},"8":{"start":{"line":42,"column":2},"end":{"line":51,"column":3}},"9":{"start":{"line":43,"column":4},"end":{"line":43,"column":20}},"10":{"start":{"line":44,"column":4},"end":{"line":44,"column":19}},"11":{"start":{"line":45,"column":24},"end":{"line":47,"column":5}},"12":{"start":{"line":46,"column":16},"end":{"line":46,"column":61}},"13":{"start":{"line":48,"column":4},"end":{"line":48,"column":30}},"14":{"start":{"line":50,"column":4},"end":{"line":50,"column":68}},"15":{"start":{"line":63,"column":0},"end":{"line":76,"column":3}},"16":{"start":{"line":64,"column":2},"end":{"line":75,"column":3}},"17":{"start":{"line":65,"column":4},"end":{"line":65,"column":20}},"18":{"start":{"line":66,"column":23},"end":{"line":68,"column":5}},"19":{"start":{"line":67,"column":13},"end":{"line":67,"column":55}},"20":{"start":{"line":69,"column":4},"end":{"line":71,"column":5}},"21":{"start":{"line":70,"column":6},"end":{"line":70,"column":56}},"22":{"start":{"line":72,"column":4},"end":{"line":72,"column":29}},"23":{"start":{"line":74,"column":4},"end":{"line":74,"column":69}},"24":{"start":{"line":94,"column":0},"end":{"line":123,"column":3}},"25":{"start":{"line":95,"column":2},"end":{"line":122,"column":3}},"26":{"start":{"line":96,"column":56},"end":{"line":96,"column":64}},"27":{"start":{"line":97,"column":4},"end":{"line":98,"column":78}},"28":{"start":{"line":98,"column":6},"end":{"line":98,"column":78}},"29":{"start":{"line":100,"column":25},"end":{"line":100,"column":33}},"30":{"start":{"line":101,"column":23},"end":{"line":109,"column":5}},"31":{"start":{"line":111,"column":4},"end":{"line":111,"column":20}},"32":{"start":{"line":112,"column":4},"end":{"line":112,"column":19}},"33":{"start":{"line":113,"column":4},"end":{"line":113,"column":41}},"34":{"start":{"line":114,"column":4},"end":{"line":114,"column":21}},"35":{"start":{"line":116,"column":4},"end":{"line":119,"column":7}},"36":{"start":{"line":121,"column":4},"end":{"line":121,"column":67}},"37":{"start":{"line":137,"column":0},"end":{"line":258,"column":3}},"38":{"start":{"line":138,"column":2},"end":{"line":257,"column":3}},"39":{"start":{"line":139,"column":29},"end":{"line":139,"column":39}},"40":{"start":{"line":140,"column":20},"end":{"line":140,"column":28}},"41":{"start":{"line":142,"column":4},"end":{"line":142,"column":20}},"42":{"start":{"line":143,"column":4},"end":{"line":143,"column":19}},"43":{"start":{"line":145,"column":23},"end":{"line":147,"column":5}},"44":{"start":{"line":146,"column":13},"end":{"line":146,"column":44}},"45":{"start":{"line":148,"column":20},"end":{"line":148,"column":39}},"46":{"start":{"line":150,"column":28},"end":{"line":152,"column":5}},"47":{"start":{"line":151,"column":13},"end":{"line":151,"column":44}},"48":{"start":{"line":153,"column":4},"end":{"line":155,"column":5}},"49":{"start":{"line":154,"column":6},"end":{"line":154,"column":53}},"50":{"start":{"line":158,"column":4},"end":{"line":160,"column":6}},"51":{"start":{"line":159,"column":13},"end":{"line":159,"column":44}},"52":{"start":{"line":163,"column":4},"end":{"line":165,"column":6}},"53":{"start":{"line":164,"column":13},"end":{"line":164,"column":44}},"54":{"start":{"line":168,"column":4},"end":{"line":170,"column":6}},"55":{"start":{"line":169,"column":13},"end":{"line":169,"column":44}},"56":{"start":{"line":173,"column":4},"end":{"line":173,"column":36}},"57":{"start":{"line":174,"column":4},"end":{"line":176,"column":6}},"58":{"start":{"line":175,"column":13},"end":{"line":175,"column":44}},"59":{"start":{"line":178,"column":4},"end":{"line":178,"column":21}},"60":{"start":{"line":181,"column":4},"end":{"line":193,"column":5}},"61":{"start":{"line":182,"column":33},"end":{"line":185,"column":7}},"62":{"start":{"line":186,"column":6},"end":{"line":186,"column":79}},"63":{"start":{"line":186,"column":45},"end":{"line":186,"column":79}},"64":{"start":{"line":188,"column":30},"end":{"line":191,"column":7}},"65":{"start":{"line":192,"column":6},"end":{"line":192,"column":73}},"66":{"start":{"line":192,"column":42},"end":{"line":192,"column":73}},"67":{"start":{"line":196,"column":25},"end":{"line":196,"column":37}},"68":{"start":{"line":197,"column":4},"end":{"line":199,"column":5}},"69":{"start":{"line":198,"column":6},"end":{"line":198,"column":39}},"70":{"start":{"line":200,"column":33},"end":{"line":200,"column":72}},"71":{"start":{"line":201,"column":4},"end":{"line":203,"column":5}},"72":{"start":{"line":202,"column":6},"end":{"line":202,"column":72}},"73":{"start":{"line":206,"column":4},"end":{"line":252,"column":5}},"74":{"start":{"line":207,"column":6},"end":{"line":251,"column":7}},"75":{"start":{"line":209,"column":34},"end":{"line":214,"column":24}},"76":{"start":{"line":216,"column":28},"end":{"line":216,"column":77}},"77":{"start":{"line":218,"column":33},"end":{"line":228,"column":10}},"78":{"start":{"line":230,"column":29},"end":{"line":230,"column":58}},"79":{"start":{"line":232,"column":8},"end":{"line":245,"column":9}},"80":{"start":{"line":233,"column":10},"end":{"line":233,"column":66}},"81":{"start":{"line":234,"column":10},"end":{"line":236,"column":11}},"82":{"start":{"line":235,"column":12},"end":{"line":235,"column":50}},"83":{"start":{"line":237,"column":10},"end":{"line":239,"column":11}},"84":{"start":{"line":238,"column":12},"end":{"line":238,"column":53}},"85":{"start":{"line":241,"column":10},"end":{"line":244,"column":12}},"86":{"start":{"line":247,"column":8},"end":{"line":250,"column":10}},"87":{"start":{"line":254,"column":4},"end":{"line":254,"column":32}},"88":{"start":{"line":256,"column":4},"end":{"line":256,"column":67}},"89":{"start":{"line":260,"column":0},"end":{"line":284,"column":3}},"90":{"start":{"line":262,"column":16},"end":{"line":262,"column":76}},"91":{"start":{"line":263,"column":2},"end":{"line":282,"column":3}},"92":{"start":{"line":264,"column":38},"end":{"line":264,"column":43}},"93":{"start":{"line":266,"column":21},"end":{"line":266,"column":56}},"94":{"start":{"line":268,"column":24},"end":{"line":275,"column":6}},"95":{"start":{"line":269,"column":19},"end":{"line":269,"column":60}},"96":{"start":{"line":270,"column":6},"end":{"line":274,"column":8}},"97":{"start":{"line":276,"column":4},"end":{"line":281,"column":5}},"98":{"start":{"line":277,"column":23},"end":{"line":277,"column":78}},"99":{"start":{"line":278,"column":6},"end":{"line":280,"column":7}},"100":{"start":{"line":279,"column":8},"end":{"line":279,"column":38}},"101":{"start":{"line":283,"column":2},"end":{"line":283,"column":9}},"102":{"start":{"line":301,"column":0},"end":{"line":386,"column":3}},"103":{"start":{"line":302,"column":2},"end":{"line":385,"column":3}},"104":{"start":{"line":303,"column":66},"end":{"line":303,"column":74}},"105":{"start":{"line":304,"column":25},"end":{"line":304,"column":48}},"106":{"start":{"line":307,"column":4},"end":{"line":307,"column":20}},"107":{"start":{"line":308,"column":23},"end":{"line":310,"column":5}},"108":{"start":{"line":309,"column":13},"end":{"line":309,"column":44}},"109":{"start":{"line":311,"column":4},"end":{"line":315,"column":5}},"110":{"start":{"line":312,"column":6},"end":{"line":314,"column":65}},"111":{"start":{"line":316,"column":27},"end":{"line":316,"column":42}},"112":{"start":{"line":319,"column":21},"end":{"line":321,"column":5}},"113":{"start":{"line":320,"column":13},"end":{"line":320,"column":44}},"114":{"start":{"line":324,"column":23},"end":{"line":324,"column":43}},"115":{"start":{"line":325,"column":4},"end":{"line":333,"column":5}},"116":{"start":{"line":326,"column":6},"end":{"line":332,"column":7}},"117":{"start":{"line":327,"column":22},"end":{"line":327,"column":64}},"118":{"start":{"line":328,"column":8},"end":{"line":331,"column":9}},"119":{"start":{"line":329,"column":10},"end":{"line":329,"column":31}},"120":{"start":{"line":330,"column":10},"end":{"line":330,"column":16}},"121":{"start":{"line":337,"column":4},"end":{"line":346,"column":5}},"122":{"start":{"line":338,"column":6},"end":{"line":345,"column":8}},"123":{"start":{"line":348,"column":25},"end":{"line":348,"column":67}},"124":{"start":{"line":349,"column":31},"end":{"line":352,"column":5}},"125":{"start":{"line":354,"column":4},"end":{"line":354,"column":54}},"126":{"start":{"line":355,"column":15},"end":{"line":355,"column":58}},"127":{"start":{"line":356,"column":14},"end":{"line":356,"column":32}},"128":{"start":{"line":357,"column":4},"end":{"line":357,"column":42}},"129":{"start":{"line":358,"column":4},"end":{"line":362,"column":5}},"130":{"start":{"line":359,"column":6},"end":{"line":361,"column":71}},"131":{"start":{"line":365,"column":4},"end":{"line":365,"column":38}},"132":{"start":{"line":366,"column":4},"end":{"line":371,"column":5}},"133":{"start":{"line":367,"column":17},"end":{"line":367,"column":45}},"134":{"start":{"line":368,"column":6},"end":{"line":370,"column":8}},"135":{"start":{"line":373,"column":4},"end":{"line":375,"column":6}},"136":{"start":{"line":376,"column":4},"end":{"line":376,"column":51}},"137":{"start":{"line":377,"column":4},"end":{"line":381,"column":7}},"138":{"start":{"line":383,"column":4},"end":{"line":383,"column":64}},"139":{"start":{"line":384,"column":4},"end":{"line":384,"column":67}},"140":{"start":{"line":395,"column":0},"end":{"line":408,"column":3}},"141":{"start":{"line":396,"column":23},"end":{"line":396,"column":46}},"142":{"start":{"line":397,"column":2},"end":{"line":397,"column":18}},"143":{"start":{"line":398,"column":21},"end":{"line":400,"column":3}},"144":{"start":{"line":399,"column":11},"end":{"line":399,"column":42}},"145":{"start":{"line":401,"column":2},"end":{"line":402,"column":56}},"146":{"start":{"line":402,"column":4},"end":{"line":402,"column":56}},"147":{"start":{"line":403,"column":25},"end":{"line":403,"column":40}},"148":{"start":{"line":404,"column":19},"end":{"line":404,"column":74}},"149":{"start":{"line":405,"column":2},"end":{"line":406,"column":61}},"150":{"start":{"line":406,"column":4},"end":{"line":406,"column":61}},"151":{"start":{"line":407,"column":2},"end":{"line":407,"column":25}},"152":{"start":{"line":417,"column":0},"end":{"line":430,"column":3}},"153":{"start":{"line":418,"column":23},"end":{"line":418,"column":46}},"154":{"start":{"line":419,"column":2},"end":{"line":419,"column":18}},"155":{"start":{"line":420,"column":21},"end":{"line":422,"column":3}},"156":{"start":{"line":421,"column":11},"end":{"line":421,"column":42}},"157":{"start":{"line":423,"column":2},"end":{"line":424,"column":56}},"158":{"start":{"line":424,"column":4},"end":{"line":424,"column":56}},"159":{"start":{"line":425,"column":25},"end":{"line":425,"column":40}},"160":{"start":{"line":426,"column":19},"end":{"line":426,"column":77}},"161":{"start":{"line":427,"column":2},"end":{"line":428,"column":58}},"162":{"start":{"line":428,"column":4},"end":{"line":428,"column":58}},"163":{"start":{"line":429,"column":2},"end":{"line":429,"column":25}},"164":{"start":{"line":445,"column":0},"end":{"line":517,"column":3}},"165":{"start":{"line":446,"column":2},"end":{"line":516,"column":3}},"166":{"start":{"line":447,"column":66},"end":{"line":447,"column":74}},"167":{"start":{"line":448,"column":25},"end":{"line":448,"column":48}},"168":{"start":{"line":451,"column":4},"end":{"line":451,"column":20}},"169":{"start":{"line":452,"column":23},"end":{"line":454,"column":5}},"170":{"start":{"line":453,"column":13},"end":{"line":453,"column":44}},"171":{"start":{"line":455,"column":4},"end":{"line":459,"column":5}},"172":{"start":{"line":456,"column":6},"end":{"line":458,"column":65}},"173":{"start":{"line":460,"column":27},"end":{"line":460,"column":42}},"174":{"start":{"line":463,"column":21},"end":{"line":465,"column":5}},"175":{"start":{"line":464,"column":13},"end":{"line":464,"column":44}},"176":{"start":{"line":468,"column":23},"end":{"line":468,"column":43}},"177":{"start":{"line":469,"column":4},"end":{"line":477,"column":5}},"178":{"start":{"line":470,"column":6},"end":{"line":476,"column":7}},"179":{"start":{"line":471,"column":22},"end":{"line":471,"column":64}},"180":{"start":{"line":472,"column":8},"end":{"line":475,"column":9}},"181":{"start":{"line":473,"column":10},"end":{"line":473,"column":31}},"182":{"start":{"line":474,"column":10},"end":{"line":474,"column":16}},"183":{"start":{"line":479,"column":25},"end":{"line":479,"column":71}},"184":{"start":{"line":480,"column":28},"end":{"line":483,"column":5}},"185":{"start":{"line":485,"column":4},"end":{"line":485,"column":51}},"186":{"start":{"line":486,"column":15},"end":{"line":486,"column":55}},"187":{"start":{"line":487,"column":14},"end":{"line":487,"column":32}},"188":{"start":{"line":488,"column":4},"end":{"line":488,"column":42}},"189":{"start":{"line":489,"column":4},"end":{"line":493,"column":5}},"190":{"start":{"line":490,"column":6},"end":{"line":492,"column":71}},"191":{"start":{"line":496,"column":4},"end":{"line":496,"column":38}},"192":{"start":{"line":497,"column":4},"end":{"line":502,"column":5}},"193":{"start":{"line":498,"column":17},"end":{"line":498,"column":45}},"194":{"start":{"line":499,"column":6},"end":{"line":501,"column":8}},"195":{"start":{"line":504,"column":4},"end":{"line":506,"column":6}},"196":{"start":{"line":507,"column":4},"end":{"line":507,"column":48}},"197":{"start":{"line":508,"column":4},"end":{"line":512,"column":7}},"198":{"start":{"line":514,"column":4},"end":{"line":514,"column":64}},"199":{"start":{"line":515,"column":4},"end":{"line":515,"column":67}},"200":{"start":{"line":537,"column":0},"end":{"line":779,"column":3}},"201":{"start":{"line":538,"column":2},"end":{"line":778,"column":3}},"202":{"start":{"line":539,"column":29},"end":{"line":539,"column":39}},"203":{"start":{"line":540,"column":50},"end":{"line":540,"column":58}},"204":{"start":{"line":542,"column":4},"end":{"line":547,"column":5}},"205":{"start":{"line":543,"column":6},"end":{"line":546,"column":9}},"206":{"start":{"line":549,"column":4},"end":{"line":555,"column":5}},"207":{"start":{"line":550,"column":6},"end":{"line":554,"column":9}},"208":{"start":{"line":557,"column":30},"end":{"line":557,"column":54}},"209":{"start":{"line":560,"column":4},"end":{"line":560,"column":20}},"210":{"start":{"line":561,"column":23},"end":{"line":563,"column":5}},"211":{"start":{"line":562,"column":13},"end":{"line":562,"column":44}},"212":{"start":{"line":565,"column":4},"end":{"line":570,"column":5}},"213":{"start":{"line":566,"column":6},"end":{"line":569,"column":9}},"214":{"start":{"line":573,"column":4},"end":{"line":580,"column":5}},"215":{"start":{"line":574,"column":6},"end":{"line":574,"column":45}},"216":{"start":{"line":575,"column":6},"end":{"line":575,"column":54}},"217":{"start":{"line":576,"column":6},"end":{"line":576,"column":23}},"218":{"start":{"line":577,"column":6},"end":{"line":579,"column":8}},"219":{"start":{"line":583,"column":30},"end":{"line":586,"column":20}},"220":{"start":{"line":588,"column":4},"end":{"line":590,"column":6}},"221":{"start":{"line":593,"column":31},"end":{"line":596,"column":5}},"222":{"start":{"line":599,"column":4},"end":{"line":605,"column":5}},"223":{"start":{"line":600,"column":6},"end":{"line":600,"column":57}},"224":{"start":{"line":603,"column":27},"end":{"line":603,"column":69}},"225":{"start":{"line":604,"column":6},"end":{"line":604,"column":51}},"226":{"start":{"line":606,"column":14},"end":{"line":606,"column":32}},"227":{"start":{"line":609,"column":4},"end":{"line":611,"column":6}},"228":{"start":{"line":612,"column":4},"end":{"line":612,"column":42}},"229":{"start":{"line":613,"column":4},"end":{"line":617,"column":5}},"230":{"start":{"line":614,"column":6},"end":{"line":616,"column":8}},"231":{"start":{"line":622,"column":22},"end":{"line":622,"column":57}},"232":{"start":{"line":623,"column":25},"end":{"line":623,"column":32}},"233":{"start":{"line":624,"column":4},"end":{"line":636,"column":5}},"234":{"start":{"line":625,"column":29},"end":{"line":628,"column":7}},"235":{"start":{"line":629,"column":25},"end":{"line":629,"column":76}},"236":{"start":{"line":630,"column":6},"end":{"line":630,"column":36}},"237":{"start":{"line":631,"column":6},"end":{"line":631,"column":42}},"238":{"start":{"line":633,"column":6},"end":{"line":635,"column":8}},"239":{"start":{"line":637,"column":23},"end":{"line":637,"column":94}},"240":{"start":{"line":640,"column":4},"end":{"line":640,"column":47}},"241":{"start":{"line":641,"column":4},"end":{"line":641,"column":48}},"242":{"start":{"line":642,"column":4},"end":{"line":642,"column":42}},"243":{"start":{"line":643,"column":4},"end":{"line":643,"column":47}},"244":{"start":{"line":646,"column":4},"end":{"line":648,"column":6}},"245":{"start":{"line":649,"column":4},"end":{"line":649,"column":80}},"246":{"start":{"line":652,"column":4},"end":{"line":652,"column":62}},"247":{"start":{"line":655,"column":21},"end":{"line":657,"column":5}},"248":{"start":{"line":656,"column":13},"end":{"line":656,"column":44}},"249":{"start":{"line":658,"column":38},"end":{"line":660,"column":5}},"250":{"start":{"line":661,"column":4},"end":{"line":665,"column":5}},"251":{"start":{"line":662,"column":6},"end":{"line":664,"column":8}},"252":{"start":{"line":666,"column":4},"end":{"line":670,"column":5}},"253":{"start":{"line":667,"column":6},"end":{"line":669,"column":8}},"254":{"start":{"line":674,"column":24},"end":{"line":674,"column":64}},"255":{"start":{"line":675,"column":23},"end":{"line":675,"column":44}},"256":{"start":{"line":676,"column":21},"end":{"line":676,"column":23}},"257":{"start":{"line":678,"column":4},"end":{"line":697,"column":5}},"258":{"start":{"line":679,"column":22},"end":{"line":679,"column":50}},"259":{"start":{"line":680,"column":6},"end":{"line":696,"column":7}},"260":{"start":{"line":681,"column":22},"end":{"line":681,"column":45}},"261":{"start":{"line":682,"column":8},"end":{"line":695,"column":9}},"262":{"start":{"line":683,"column":27},"end":{"line":683,"column":55}},"263":{"start":{"line":684,"column":10},"end":{"line":694,"column":11}},"264":{"start":{"line":685,"column":31},"end":{"line":685,"column":56}},"265":{"start":{"line":686,"column":34},"end":{"line":686,"column":63}},"266":{"start":{"line":687,"column":12},"end":{"line":691,"column":15}},"267":{"start":{"line":693,"column":12},"end":{"line":693,"column":73}},"268":{"start":{"line":703,"column":4},"end":{"line":708,"column":5}},"269":{"start":{"line":704,"column":29},"end":{"line":704,"column":36}},"270":{"start":{"line":705,"column":6},"end":{"line":707,"column":8}},"271":{"start":{"line":714,"column":4},"end":{"line":718,"column":5}},"272":{"start":{"line":715,"column":6},"end":{"line":717,"column":8}},"273":{"start":{"line":720,"column":24},"end":{"line":720,"column":32}},"274":{"start":{"line":722,"column":4},"end":{"line":774,"column":5}},"275":{"start":{"line":723,"column":24},"end":{"line":723,"column":71}},"276":{"start":{"line":725,"column":29},"end":{"line":740,"column":8}},"277":{"start":{"line":742,"column":25},"end":{"line":742,"column":52}},"278":{"start":{"line":744,"column":6},"end":{"line":767,"column":7}},"279":{"start":{"line":745,"column":8},"end":{"line":748,"column":10}},"280":{"start":{"line":750,"column":8},"end":{"line":754,"column":9}},"281":{"start":{"line":751,"column":10},"end":{"line":751,"column":52}},"282":{"start":{"line":752,"column":10},"end":{"line":752,"column":58}},"283":{"start":{"line":753,"column":10},"end":{"line":753,"column":27}},"284":{"start":{"line":755,"column":8},"end":{"line":760,"column":11}},"285":{"start":{"line":762,"column":8},"end":{"line":762,"column":76}},"286":{"start":{"line":763,"column":8},"end":{"line":766,"column":11}},"287":{"start":{"line":769,"column":6},"end":{"line":769,"column":74}},"288":{"start":{"line":770,"column":6},"end":{"line":773,"column":9}},"289":{"start":{"line":776,"column":4},"end":{"line":776,"column":67}},"290":{"start":{"line":777,"column":4},"end":{"line":777,"column":67}},"291":{"start":{"line":785,"column":0},"end":{"line":807,"column":3}},"292":{"start":{"line":786,"column":2},"end":{"line":806,"column":3}},"293":{"start":{"line":787,"column":4},"end":{"line":787,"column":20}},"294":{"start":{"line":788,"column":4},"end":{"line":788,"column":19}},"295":{"start":{"line":789,"column":16},"end":{"line":791,"column":5}},"296":{"start":{"line":790,"column":13},"end":{"line":790,"column":55}},"297":{"start":{"line":792,"column":4},"end":{"line":795,"column":65}},"298":{"start":{"line":793,"column":6},"end":{"line":795,"column":65}},"299":{"start":{"line":796,"column":4},"end":{"line":803,"column":7}},"300":{"start":{"line":805,"column":4},"end":{"line":805,"column":65}},"301":{"start":{"line":815,"column":0},"end":{"line":842,"column":3}},"302":{"start":{"line":820,"column":6},"end":{"line":820,"column":20}},"303":{"start":{"line":821,"column":2},"end":{"line":841,"column":3}},"304":{"start":{"line":822,"column":4},"end":{"line":822,"column":20}},"305":{"start":{"line":823,"column":4},"end":{"line":823,"column":19}},"306":{"start":{"line":824,"column":16},"end":{"line":826,"column":5}},"307":{"start":{"line":825,"column":13},"end":{"line":825,"column":55}},"308":{"start":{"line":827,"column":4},"end":{"line":830,"column":65}},"309":{"start":{"line":828,"column":6},"end":{"line":830,"column":65}},"310":{"start":{"line":831,"column":4},"end":{"line":835,"column":6}},"311":{"start":{"line":836,"column":4},"end":{"line":836,"column":45}},"312":{"start":{"line":837,"column":4},"end":{"line":837,"column":21}},"313":{"start":{"line":838,"column":4},"end":{"line":838,"column":66}},"314":{"start":{"line":840,"column":4},"end":{"line":840,"column":65}}},"fnMap":{"0":{"name":"(anonymous_0)","decl":{"start":{"line":41,"column":36},"end":{"line":41,"column":37}},"loc":{"start":{"line":41,"column":56},"end":{"line":52,"column":1}},"line":41},"1":{"name":"(anonymous_1)","decl":{"start":{"line":46,"column":6},"end":{"line":46,"column":7}},"loc":{"start":{"line":46,"column":16},"end":{"line":46,"column":61}},"line":46},"2":{"name":"(anonymous_2)","decl":{"start":{"line":63,"column":44},"end":{"line":63,"column":45}},"loc":{"start":{"line":63,"column":64},"end":{"line":76,"column":1}},"line":63},"3":{"name":"(anonymous_3)","decl":{"start":{"line":67,"column":6},"end":{"line":67,"column":7}},"loc":{"start":{"line":67,"column":13},"end":{"line":67,"column":55}},"line":67},"4":{"name":"(anonymous_4)","decl":{"start":{"line":94,"column":38},"end":{"line":94,"column":39}},"loc":{"start":{"line":94,"column":58},"end":{"line":123,"column":1}},"line":94},"5":{"name":"(anonymous_5)","decl":{"start":{"line":137,"column":54},"end":{"line":137,"column":55}},"loc":{"start":{"line":137,"column":74},"end":{"line":258,"column":1}},"line":137},"6":{"name":"(anonymous_6)","decl":{"start":{"line":146,"column":6},"end":{"line":146,"column":7}},"loc":{"start":{"line":146,"column":13},"end":{"line":146,"column":44}},"line":146},"7":{"name":"(anonymous_7)","decl":{"start":{"line":151,"column":6},"end":{"line":151,"column":7}},"loc":{"start":{"line":151,"column":13},"end":{"line":151,"column":44}},"line":151},"8":{"name":"(anonymous_8)","decl":{"start":{"line":159,"column":6},"end":{"line":159,"column":7}},"loc":{"start":{"line":159,"column":13},"end":{"line":159,"column":44}},"line":159},"9":{"name":"(anonymous_9)","decl":{"start":{"line":164,"column":6},"end":{"line":164,"column":7}},"loc":{"start":{"line":164,"column":13},"end":{"line":164,"column":44}},"line":164},"10":{"name":"(anonymous_10)","decl":{"start":{"line":169,"column":6},"end":{"line":169,"column":7}},"loc":{"start":{"line":169,"column":13},"end":{"line":169,"column":44}},"line":169},"11":{"name":"(anonymous_11)","decl":{"start":{"line":175,"column":6},"end":{"line":175,"column":7}},"loc":{"start":{"line":175,"column":13},"end":{"line":175,"column":44}},"line":175},"12":{"name":"(anonymous_12)","decl":{"start":{"line":260,"column":11},"end":{"line":260,"column":12}},"loc":{"start":{"line":260,"column":31},"end":{"line":284,"column":1}},"line":260},"13":{"name":"(anonymous_13)","decl":{"start":{"line":268,"column":60},"end":{"line":268,"column":61}},"loc":{"start":{"line":268,"column":69},"end":{"line":275,"column":5}},"line":268},"14":{"name":"(anonymous_14)","decl":{"start":{"line":301,"column":49},"end":{"line":301,"column":50}},"loc":{"start":{"line":301,"column":69},"end":{"line":386,"column":1}},"line":301},"15":{"name":"(anonymous_15)","decl":{"start":{"line":309,"column":6},"end":{"line":309,"column":7}},"loc":{"start":{"line":309,"column":13},"end":{"line":309,"column":44}},"line":309},"16":{"name":"(anonymous_16)","decl":{"start":{"line":320,"column":6},"end":{"line":320,"column":7}},"loc":{"start":{"line":320,"column":13},"end":{"line":320,"column":44}},"line":320},"17":{"name":"(anonymous_17)","decl":{"start":{"line":395,"column":29},"end":{"line":395,"column":30}},"loc":{"start":{"line":395,"column":49},"end":{"line":408,"column":1}},"line":395},"18":{"name":"(anonymous_18)","decl":{"start":{"line":399,"column":4},"end":{"line":399,"column":5}},"loc":{"start":{"line":399,"column":11},"end":{"line":399,"column":42}},"line":399},"19":{"name":"(anonymous_19)","decl":{"start":{"line":417,"column":37},"end":{"line":417,"column":38}},"loc":{"start":{"line":417,"column":57},"end":{"line":430,"column":1}},"line":417},"20":{"name":"(anonymous_20)","decl":{"start":{"line":421,"column":4},"end":{"line":421,"column":5}},"loc":{"start":{"line":421,"column":11},"end":{"line":421,"column":42}},"line":421},"21":{"name":"(anonymous_21)","decl":{"start":{"line":445,"column":49},"end":{"line":445,"column":50}},"loc":{"start":{"line":445,"column":69},"end":{"line":517,"column":1}},"line":445},"22":{"name":"(anonymous_22)","decl":{"start":{"line":453,"column":6},"end":{"line":453,"column":7}},"loc":{"start":{"line":453,"column":13},"end":{"line":453,"column":44}},"line":453},"23":{"name":"(anonymous_23)","decl":{"start":{"line":464,"column":6},"end":{"line":464,"column":7}},"loc":{"start":{"line":464,"column":13},"end":{"line":464,"column":44}},"line":464},"24":{"name":"(anonymous_24)","decl":{"start":{"line":537,"column":53},"end":{"line":537,"column":54}},"loc":{"start":{"line":537,"column":73},"end":{"line":779,"column":1}},"line":537},"25":{"name":"(anonymous_25)","decl":{"start":{"line":562,"column":6},"end":{"line":562,"column":7}},"loc":{"start":{"line":562,"column":13},"end":{"line":562,"column":44}},"line":562},"26":{"name":"(anonymous_26)","decl":{"start":{"line":656,"column":6},"end":{"line":656,"column":7}},"loc":{"start":{"line":656,"column":13},"end":{"line":656,"column":44}},"line":656},"27":{"name":"(anonymous_27)","decl":{"start":{"line":785,"column":53},"end":{"line":785,"column":54}},"loc":{"start":{"line":785,"column":73},"end":{"line":807,"column":1}},"line":785},"28":{"name":"(anonymous_28)","decl":{"start":{"line":790,"column":6},"end":{"line":790,"column":7}},"loc":{"start":{"line":790,"column":13},"end":{"line":790,"column":55}},"line":790},"29":{"name":"(anonymous_29)","decl":{"start":{"line":815,"column":53},"end":{"line":815,"column":54}},"loc":{"start":{"line":815,"column":73},"end":{"line":842,"column":1}},"line":815},"30":{"name":"(anonymous_30)","decl":{"start":{"line":825,"column":6},"end":{"line":825,"column":7}},"loc":{"start":{"line":825,"column":13},"end":{"line":825,"column":55}},"line":825}},"branchMap":{"0":{"loc":{"start":{"line":23,"column":0},"end":{"line":24,"column":56}},"type":"if","locations":[{"start":{"line":23,"column":0},"end":{"line":24,"column":56}},{"start":{},"end":{}}],"line":23},"1":{"loc":{"start":{"line":25,"column":0},"end":{"line":26,"column":59}},"type":"if","locations":[{"start":{"line":25,"column":0},"end":{"line":26,"column":59}},{"start":{},"end":{}}],"line":25},"2":{"loc":{"start":{"line":69,"column":4},"end":{"line":71,"column":5}},"type":"if","locations":[{"start":{"line":69,"column":4},"end":{"line":71,"column":5}},{"start":{},"end":{}}],"line":69},"3":{"loc":{"start":{"line":97,"column":4},"end":{"line":98,"column":78}},"type":"if","locations":[{"start":{"line":97,"column":4},"end":{"line":98,"column":78}},{"start":{},"end":{}}],"line":97},"4":{"loc":{"start":{"line":153,"column":4},"end":{"line":155,"column":5}},"type":"if","locations":[{"start":{"line":153,"column":4},"end":{"line":155,"column":5}},{"start":{},"end":{}}],"line":153},"5":{"loc":{"start":{"line":181,"column":4},"end":{"line":193,"column":5}},"type":"if","locations":[{"start":{"line":181,"column":4},"end":{"line":193,"column":5}},{"start":{},"end":{}}],"line":181},"6":{"loc":{"start":{"line":181,"column":8},"end":{"line":181,"column":37}},"type":"binary-expr","locations":[{"start":{"line":181,"column":8},"end":{"line":181,"column":18}},{"start":{"line":181,"column":22},"end":{"line":181,"column":37}}],"line":181},"7":{"loc":{"start":{"line":186,"column":6},"end":{"line":186,"column":79}},"type":"if","locations":[{"start":{"line":186,"column":6},"end":{"line":186,"column":79}},{"start":{},"end":{}}],"line":186},"8":{"loc":{"start":{"line":192,"column":6},"end":{"line":192,"column":73}},"type":"if","locations":[{"start":{"line":192,"column":6},"end":{"line":192,"column":73}},{"start":{},"end":{}}],"line":192},"9":{"loc":{"start":{"line":197,"column":4},"end":{"line":199,"column":5}},"type":"if","locations":[{"start":{"line":197,"column":4},"end":{"line":199,"column":5}},{"start":{},"end":{}}],"line":197},"10":{"loc":{"start":{"line":197,"column":8},"end":{"line":197,"column":37}},"type":"binary-expr","locations":[{"start":{"line":197,"column":8},"end":{"line":197,"column":18}},{"start":{"line":197,"column":22},"end":{"line":197,"column":37}}],"line":197},"11":{"loc":{"start":{"line":201,"column":4},"end":{"line":203,"column":5}},"type":"if","locations":[{"start":{"line":201,"column":4},"end":{"line":203,"column":5}},{"start":{},"end":{}}],"line":201},"12":{"loc":{"start":{"line":206,"column":4},"end":{"line":252,"column":5}},"type":"if","locations":[{"start":{"line":206,"column":4},"end":{"line":252,"column":5}},{"start":{},"end":{}}],"line":206},"13":{"loc":{"start":{"line":209,"column":34},"end":{"line":214,"column":24}},"type":"cond-expr","locations":[{"start":{"line":210,"column":12},"end":{"line":213,"column":28}},{"start":{"line":214,"column":12},"end":{"line":214,"column":24}}],"line":209},"14":{"loc":{"start":{"line":232,"column":8},"end":{"line":245,"column":9}},"type":"if","locations":[{"start":{"line":232,"column":8},"end":{"line":245,"column":9}},{"start":{"line":240,"column":15},"end":{"line":245,"column":9}}],"line":232},"15":{"loc":{"start":{"line":234,"column":10},"end":{"line":236,"column":11}},"type":"if","locations":[{"start":{"line":234,"column":10},"end":{"line":236,"column":11}},{"start":{},"end":{}}],"line":234},"16":{"loc":{"start":{"line":237,"column":10},"end":{"line":239,"column":11}},"type":"if","locations":[{"start":{"line":237,"column":10},"end":{"line":239,"column":11}},{"start":{},"end":{}}],"line":237},"17":{"loc":{"start":{"line":263,"column":2},"end":{"line":282,"column":3}},"type":"if","locations":[{"start":{"line":263,"column":2},"end":{"line":282,"column":3}},{"start":{},"end":{}}],"line":263},"18":{"loc":{"start":{"line":271,"column":8},"end":{"line":273,"column":38}},"type":"binary-expr","locations":[{"start":{"line":271,"column":8},"end":{"line":271,"column":26}},{"start":{"line":272,"column":8},"end":{"line":272,"column":34}},{"start":{"line":273,"column":8},"end":{"line":273,"column":38}}],"line":271},"19":{"loc":{"start":{"line":278,"column":6},"end":{"line":280,"column":7}},"type":"if","locations":[{"start":{"line":278,"column":6},"end":{"line":280,"column":7}},{"start":{},"end":{}}],"line":278},"20":{"loc":{"start":{"line":311,"column":4},"end":{"line":315,"column":5}},"type":"if","locations":[{"start":{"line":311,"column":4},"end":{"line":315,"column":5}},{"start":{},"end":{}}],"line":311},"21":{"loc":{"start":{"line":311,"column":8},"end":{"line":311,"column":39}},"type":"binary-expr","locations":[{"start":{"line":311,"column":8},"end":{"line":311,"column":19}},{"start":{"line":311,"column":23},"end":{"line":311,"column":39}}],"line":311},"22":{"loc":{"start":{"line":325,"column":4},"end":{"line":333,"column":5}},"type":"if","locations":[{"start":{"line":325,"column":4},"end":{"line":333,"column":5}},{"start":{},"end":{}}],"line":325},"23":{"loc":{"start":{"line":325,"column":8},"end":{"line":325,"column":33}},"type":"binary-expr","locations":[{"start":{"line":325,"column":8},"end":{"line":325,"column":21}},{"start":{"line":325,"column":25},"end":{"line":325,"column":33}}],"line":325},"24":{"loc":{"start":{"line":326,"column":26},"end":{"line":326,"column":47}},"type":"binary-expr","locations":[{"start":{"line":326,"column":26},"end":{"line":326,"column":41}},{"start":{"line":326,"column":45},"end":{"line":326,"column":47}}],"line":326},"25":{"loc":{"start":{"line":328,"column":8},"end":{"line":331,"column":9}},"type":"if","locations":[{"start":{"line":328,"column":8},"end":{"line":331,"column":9}},{"start":{},"end":{}}],"line":328},"26":{"loc":{"start":{"line":337,"column":4},"end":{"line":346,"column":5}},"type":"if","locations":[{"start":{"line":337,"column":4},"end":{"line":346,"column":5}},{"start":{},"end":{}}],"line":337},"27":{"loc":{"start":{"line":339,"column":12},"end":{"line":339,"column":30}},"type":"binary-expr","locations":[{"start":{"line":339,"column":12},"end":{"line":339,"column":24}},{"start":{"line":339,"column":28},"end":{"line":339,"column":30}}],"line":339},"28":{"loc":{"start":{"line":341,"column":10},"end":{"line":342,"column":39}},"type":"binary-expr","locations":[{"start":{"line":341,"column":10},"end":{"line":341,"column":55}},{"start":{"line":342,"column":10},"end":{"line":342,"column":39}}],"line":341},"29":{"loc":{"start":{"line":344,"column":10},"end":{"line":344,"column":78}},"type":"binary-expr","locations":[{"start":{"line":344,"column":10},"end":{"line":344,"column":50}},{"start":{"line":344,"column":54},"end":{"line":344,"column":78}}],"line":344},"30":{"loc":{"start":{"line":358,"column":4},"end":{"line":362,"column":5}},"type":"if","locations":[{"start":{"line":358,"column":4},"end":{"line":362,"column":5}},{"start":{},"end":{}}],"line":358},"31":{"loc":{"start":{"line":366,"column":4},"end":{"line":371,"column":5}},"type":"if","locations":[{"start":{"line":366,"column":4},"end":{"line":371,"column":5}},{"start":{},"end":{}}],"line":366},"32":{"loc":{"start":{"line":401,"column":2},"end":{"line":402,"column":56}},"type":"if","locations":[{"start":{"line":401,"column":2},"end":{"line":402,"column":56}},{"start":{},"end":{}}],"line":401},"33":{"loc":{"start":{"line":401,"column":6},"end":{"line":401,"column":37}},"type":"binary-expr","locations":[{"start":{"line":401,"column":6},"end":{"line":401,"column":17}},{"start":{"line":401,"column":21},"end":{"line":401,"column":37}}],"line":401},"34":{"loc":{"start":{"line":405,"column":2},"end":{"line":406,"column":61}},"type":"if","locations":[{"start":{"line":405,"column":2},"end":{"line":406,"column":61}},{"start":{},"end":{}}],"line":405},"35":{"loc":{"start":{"line":423,"column":2},"end":{"line":424,"column":56}},"type":"if","locations":[{"start":{"line":423,"column":2},"end":{"line":424,"column":56}},{"start":{},"end":{}}],"line":423},"36":{"loc":{"start":{"line":423,"column":6},"end":{"line":423,"column":37}},"type":"binary-expr","locations":[{"start":{"line":423,"column":6},"end":{"line":423,"column":17}},{"start":{"line":423,"column":21},"end":{"line":423,"column":37}}],"line":423},"37":{"loc":{"start":{"line":427,"column":2},"end":{"line":428,"column":58}},"type":"if","locations":[{"start":{"line":427,"column":2},"end":{"line":428,"column":58}},{"start":{},"end":{}}],"line":427},"38":{"loc":{"start":{"line":455,"column":4},"end":{"line":459,"column":5}},"type":"if","locations":[{"start":{"line":455,"column":4},"end":{"line":459,"column":5}},{"start":{},"end":{}}],"line":455},"39":{"loc":{"start":{"line":455,"column":8},"end":{"line":455,"column":39}},"type":"binary-expr","locations":[{"start":{"line":455,"column":8},"end":{"line":455,"column":19}},{"start":{"line":455,"column":23},"end":{"line":455,"column":39}}],"line":455},"40":{"loc":{"start":{"line":469,"column":4},"end":{"line":477,"column":5}},"type":"if","locations":[{"start":{"line":469,"column":4},"end":{"line":477,"column":5}},{"start":{},"end":{}}],"line":469},"41":{"loc":{"start":{"line":469,"column":8},"end":{"line":469,"column":33}},"type":"binary-expr","locations":[{"start":{"line":469,"column":8},"end":{"line":469,"column":21}},{"start":{"line":469,"column":25},"end":{"line":469,"column":33}}],"line":469},"42":{"loc":{"start":{"line":470,"column":26},"end":{"line":470,"column":47}},"type":"binary-expr","locations":[{"start":{"line":470,"column":26},"end":{"line":470,"column":41}},{"start":{"line":470,"column":45},"end":{"line":470,"column":47}}],"line":470},"43":{"loc":{"start":{"line":472,"column":8},"end":{"line":475,"column":9}},"type":"if","locations":[{"start":{"line":472,"column":8},"end":{"line":475,"column":9}},{"start":{},"end":{}}],"line":472},"44":{"loc":{"start":{"line":489,"column":4},"end":{"line":493,"column":5}},"type":"if","locations":[{"start":{"line":489,"column":4},"end":{"line":493,"column":5}},{"start":{},"end":{}}],"line":489},"45":{"loc":{"start":{"line":497,"column":4},"end":{"line":502,"column":5}},"type":"if","locations":[{"start":{"line":497,"column":4},"end":{"line":502,"column":5}},{"start":{},"end":{}}],"line":497},"46":{"loc":{"start":{"line":542,"column":4},"end":{"line":547,"column":5}},"type":"if","locations":[{"start":{"line":542,"column":4},"end":{"line":547,"column":5}},{"start":{},"end":{}}],"line":542},"47":{"loc":{"start":{"line":549,"column":4},"end":{"line":555,"column":5}},"type":"if","locations":[{"start":{"line":549,"column":4},"end":{"line":555,"column":5}},{"start":{},"end":{}}],"line":549},"48":{"loc":{"start":{"line":557,"column":30},"end":{"line":557,"column":54}},"type":"binary-expr","locations":[{"start":{"line":557,"column":30},"end":{"line":557,"column":37}},{"start":{"line":557,"column":41},"end":{"line":557,"column":54}}],"line":557},"49":{"loc":{"start":{"line":565,"column":4},"end":{"line":570,"column":5}},"type":"if","locations":[{"start":{"line":565,"column":4},"end":{"line":570,"column":5}},{"start":{},"end":{}}],"line":565},"50":{"loc":{"start":{"line":565,"column":8},"end":{"line":565,"column":39}},"type":"binary-expr","locations":[{"start":{"line":565,"column":8},"end":{"line":565,"column":19}},{"start":{"line":565,"column":23},"end":{"line":565,"column":39}}],"line":565},"51":{"loc":{"start":{"line":573,"column":4},"end":{"line":580,"column":5}},"type":"if","locations":[{"start":{"line":573,"column":4},"end":{"line":580,"column":5}},{"start":{},"end":{}}],"line":573},"52":{"loc":{"start":{"line":599,"column":4},"end":{"line":605,"column":5}},"type":"if","locations":[{"start":{"line":599,"column":4},"end":{"line":605,"column":5}},{"start":{"line":601,"column":11},"end":{"line":605,"column":5}}],"line":599},"53":{"loc":{"start":{"line":613,"column":4},"end":{"line":617,"column":5}},"type":"if","locations":[{"start":{"line":613,"column":4},"end":{"line":617,"column":5}},{"start":{},"end":{}}],"line":613},"54":{"loc":{"start":{"line":659,"column":6},"end":{"line":659,"column":28}},"type":"binary-expr","locations":[{"start":{"line":659,"column":6},"end":{"line":659,"column":22}},{"start":{"line":659,"column":26},"end":{"line":659,"column":28}}],"line":659},"55":{"loc":{"start":{"line":680,"column":6},"end":{"line":696,"column":7}},"type":"if","locations":[{"start":{"line":680,"column":6},"end":{"line":696,"column":7}},{"start":{},"end":{}}],"line":680},"56":{"loc":{"start":{"line":703,"column":4},"end":{"line":708,"column":5}},"type":"if","locations":[{"start":{"line":703,"column":4},"end":{"line":708,"column":5}},{"start":{},"end":{}}],"line":703},"57":{"loc":{"start":{"line":714,"column":4},"end":{"line":718,"column":5}},"type":"if","locations":[{"start":{"line":714,"column":4},"end":{"line":718,"column":5}},{"start":{},"end":{}}],"line":714},"58":{"loc":{"start":{"line":714,"column":8},"end":{"line":714,"column":57}},"type":"binary-expr","locations":[{"start":{"line":714,"column":8},"end":{"line":714,"column":49}},{"start":{"line":714,"column":53},"end":{"line":714,"column":57}}],"line":714},"59":{"loc":{"start":{"line":736,"column":22},"end":{"line":736,"column":68}},"type":"cond-expr","locations":[{"start":{"line":736,"column":46},"end":{"line":736,"column":56}},{"start":{"line":736,"column":59},"end":{"line":736,"column":68}}],"line":736},"60":{"loc":{"start":{"line":744,"column":6},"end":{"line":767,"column":7}},"type":"if","locations":[{"start":{"line":744,"column":6},"end":{"line":767,"column":7}},{"start":{"line":761,"column":13},"end":{"line":767,"column":7}}],"line":744},"61":{"loc":{"start":{"line":750,"column":8},"end":{"line":754,"column":9}},"type":"if","locations":[{"start":{"line":750,"column":8},"end":{"line":754,"column":9}},{"start":{},"end":{}}],"line":750},"62":{"loc":{"start":{"line":765,"column":17},"end":{"line":765,"column":69}},"type":"binary-expr","locations":[{"start":{"line":765,"column":17},"end":{"line":765,"column":35}},{"start":{"line":765,"column":39},"end":{"line":765,"column":69}}],"line":765},"63":{"loc":{"start":{"line":792,"column":4},"end":{"line":795,"column":65}},"type":"if","locations":[{"start":{"line":792,"column":4},"end":{"line":795,"column":65}},{"start":{},"end":{}}],"line":792},"64":{"loc":{"start":{"line":798,"column":16},"end":{"line":802,"column":7}},"type":"binary-expr","locations":[{"start":{"line":798,"column":16},"end":{"line":798,"column":38}},{"start":{"line":798,"column":42},"end":{"line":802,"column":7}}],"line":798},"65":{"loc":{"start":{"line":817,"column":4},"end":{"line":817,"column":31}},"type":"default-arg","locations":[{"start":{"line":817,"column":22},"end":{"line":817,"column":31}}],"line":817},"66":{"loc":{"start":{"line":818,"column":4},"end":{"line":818,"column":21}},"type":"default-arg","locations":[{"start":{"line":818,"column":17},"end":{"line":818,"column":21}}],"line":818},"67":{"loc":{"start":{"line":819,"column":4},"end":{"line":819,"column":23}},"type":"default-arg","locations":[{"start":{"line":819,"column":18},"end":{"line":819,"column":23}}],"line":819},"68":{"loc":{"start":{"line":820,"column":6},"end":{"line":820,"column":20}},"type":"binary-expr","locations":[{"start":{"line":820,"column":6},"end":{"line":820,"column":14}},{"start":{"line":820,"column":18},"end":{"line":820,"column":20}}],"line":820},"69":{"loc":{"start":{"line":827,"column":4},"end":{"line":830,"column":65}},"type":"if","locations":[{"start":{"line":827,"column":4},"end":{"line":830,"column":65}},{"start":{},"end":{}}],"line":827}},"s":{"0":33,"1":33,"2":33,"3":33,"4":33,"5":33,"6":33,"7":33,"8":3,"9":3,"10":2,"11":2,"12":1,"13":2,"14":1,"15":33,"16":3,"17":3,"18":2,"19":1,"20":2,"21":1,"22":1,"23":1,"24":33,"25":3,"26":3,"27":3,"28":1,"29":2,"30":2,"31":2,"32":1,"33":1,"34":1,"35":1,"36":1,"37":33,"38":4,"39":4,"40":4,"41":4,"42":3,"43":3,"44":1,"45":3,"46":3,"47":1,"48":3,"49":1,"50":3,"51":1,"52":3,"53":1,"54":3,"55":1,"56":3,"57":3,"58":1,"59":3,"60":3,"61":1,"62":1,"63":0,"64":1,"65":1,"66":0,"67":3,"68":3,"69":1,"70":3,"71":3,"72":1,"73":3,"74":0,"75":0,"76":0,"77":0,"78":0,"79":0,"80":0,"81":0,"82":0,"83":0,"84":0,"85":0,"86":0,"87":3,"88":1,"89":33,"90":20,"91":20,"92":0,"93":0,"94":0,"95":0,"96":0,"97":0,"98":0,"99":0,"100":0,"101":20,"102":33,"103":3,"104":3,"105":3,"106":3,"107":3,"108":2,"109":3,"110":1,"111":2,"112":2,"113":0,"114":2,"115":2,"116":0,"117":0,"118":0,"119":0,"120":0,"121":2,"122":0,"123":2,"124":2,"125":2,"126":2,"127":2,"128":2,"129":2,"130":1,"131":1,"132":1,"133":0,"134":0,"135":1,"136":1,"137":1,"138":0,"139":0,"140":33,"141":2,"142":2,"143":2,"144":1,"145":2,"146":2,"147":0,"148":0,"149":0,"150":0,"151":0,"152":33,"153":2,"154":2,"155":2,"156":1,"157":2,"158":2,"159":0,"160":0,"161":0,"162":0,"163":0,"164":33,"165":2,"166":2,"167":2,"168":2,"169":2,"170":2,"171":2,"172":0,"173":2,"174":2,"175":0,"176":2,"177":2,"178":0,"179":0,"180":0,"181":0,"182":0,"183":2,"184":2,"185":2,"186":2,"187":2,"188":2,"189":2,"190":1,"191":1,"192":1,"193":0,"194":0,"195":1,"196":1,"197":1,"198":0,"199":0,"200":33,"201":3,"202":3,"203":3,"204":3,"205":1,"206":2,"207":1,"208":1,"209":1,"210":1,"211":0,"212":1,"213":1,"214":0,"215":0,"216":0,"217":0,"218":0,"219":0,"220":0,"221"
[...]
t":{"line":50,"column":38},"end":{"line":50,"column":40}}],"line":50},"4":{"loc":{"start":{"line":51,"column":18},"end":{"line":51,"column":36}},"type":"binary-expr","locations":[{"start":{"line":51,"column":18},"end":{"line":51,"column":30}},{"start":{"line":51,"column":34},"end":{"line":51,"column":36}}],"line":51},"5":{"loc":{"start":{"line":83,"column":4},"end":{"line":85,"column":5}},"type":"if","locations":[{"start":{"line":83,"column":4},"end":{"line":85,"column":5}},{"start":{},"end":{}}],"line":83},"6":{"loc":{"start":{"line":92,"column":6},"end":{"line":97,"column":7}},"type":"if","locations":[{"start":{"line":92,"column":6},"end":{"line":97,"column":7}},{"start":{},"end":{}}],"line":92},"7":{"loc":{"start":{"line":93,"column":8},"end":{"line":94,"column":39}},"type":"binary-expr","locations":[{"start":{"line":93,"column":8},"end":{"line":93,"column":44}},{"start":{"line":94,"column":8},"end":{"line":94,"column":39}}],"line":93},"8":{"loc":{"start":{"line":146,"column":4},"end":{"line":156,"column":5}},"type":"if","locations":[{"start":{"line":146,"column":4},"end":{"line":156,"column":5}},{"start":{},"end":{}}],"line":146},"9":{"loc":{"start":{"line":163,"column":4},"end":{"line":170,"column":5}},"type":"if","locations":[{"start":{"line":163,"column":4},"end":{"line":170,"column":5}},{"start":{},"end":{}}],"line":163},"10":{"loc":{"start":{"line":168,"column":18},"end":{"line":168,"column":41}},"type":"binary-expr","locations":[{"start":{"line":168,"column":18},"end":{"line":168,"column":35}},{"start":{"line":168,"column":39},"end":{"line":168,"column":41}}],"line":168},"11":{"loc":{"start":{"line":202,"column":4},"end":{"line":206,"column":5}},"type":"if","locations":[{"start":{"line":202,"column":4},"end":{"line":206,"column":5}},{"start":{},"end":{}}],"line":202},"12":{"loc":{"start":{"line":210,"column":4},"end":{"line":212,"column":5}},"type":"if","locations":[{"start":{"line":210,"column":4},"end":{"line":212,"column":5}},{"start":{},"end":{}}],"line":210},"13":{"loc":{"start":{"line":243,"column":4},"end":{"line":247,"column":5}},"type":"if","locations":[{"start":{"line":243,"column":4},"end":{"line":247,"column":5}},{"start":{},"end":{}}],"line":243},"14":{"loc":{"start":{"line":251,"column":4},"end":{"line":253,"column":5}},"type":"if","locations":[{"start":{"line":251,"column":4},"end":{"line":253,"column":5}},{"start":{},"end":{}}],"line":251},"15":{"loc":{"start":{"line":264,"column":4},"end":{"line":276,"column":5}},"type":"if","locations":[{"start":{"line":264,"column":4},"end":{"line":276,"column":5}},{"start":{},"end":{}}],"line":264},"16":{"loc":{"start":{"line":264,"column":8},"end":{"line":264,"column":54}},"type":"binary-expr","locations":[{"start":{"line":264,"column":8},"end":{"line":264,"column":20}},{"start":{"line":264,"column":24},"end":{"line":264,"column":54}}],"line":264},"17":{"loc":{"start":{"line":266,"column":18},"end":{"line":266,"column":62}},"type":"binary-expr","locations":[{"start":{"line":266,"column":18},"end":{"line":266,"column":37}},{"start":{"line":266,"column":41},"end":{"line":266,"column":62}}],"line":266},"18":{"loc":{"start":{"line":268,"column":6},"end":{"line":275,"column":7}},"type":"if","locations":[{"start":{"line":268,"column":6},"end":{"line":275,"column":7}},{"start":{},"end":{}}],"line":268},"19":{"loc":{"start":{"line":269,"column":8},"end":{"line":271,"column":9}},"type":"if","locations":[{"start":{"line":269,"column":8},"end":{"line":271,"column":9}},{"start":{},"end":{}}],"line":269},"20":{"loc":{"start":{"line":272,"column":8},"end":{"line":274,"column":9}},"type":"if","locations":[{"start":{"line":272,"column":8},"end":{"line":274,"column":9}},{"start":{},"end":{}}],"line":272},"21":{"loc":{"start":{"line":309,"column":4},"end":{"line":313,"column":5}},"type":"if","locations":[{"start":{"line":309,"column":4},"end":{"line":313,"column":5}},{"start":{},"end":{}}],"line":309},"22":{"loc":{"start":{"line":318,"column":29},"end":{"line":318,"column":58}},"type":"binary-expr","locations":[{"start":{"line":318,"column":29},"end":{"line":318,"column":52}},{"start":{"line":318,"column":56},"end":{"line":318,"column":58}}],"line":318},"23":{"loc":{"start":{"line":325,"column":6},"end":{"line":337,"column":7}},"type":"if","locations":[{"start":{"line":325,"column":6},"end":{"line":337,"column":7}},{"start":{},"end":{}}],"line":325},"24":{"loc":{"start":{"line":325,"column":10},"end":{"line":325,"column":60}},"type":"binary-expr","locations":[{"start":{"line":325,"column":10},"end":{"line":325,"column":24}},{"start":{"line":325,"column":28},"end":{"line":325,"column":60}}],"line":325},"25":{"loc":{"start":{"line":332,"column":10},"end":{"line":334,"column":11}},"type":"if","locations":[{"start":{"line":332,"column":10},"end":{"line":334,"column":11}},{"start":{},"end":{}}],"line":332},"26":{"loc":{"start":{"line":341,"column":6},"end":{"line":353,"column":7}},"type":"if","locations":[{"start":{"line":341,"column":6},"end":{"line":353,"column":7}},{"start":{},"end":{}}],"line":341},"27":{"loc":{"start":{"line":341,"column":10},"end":{"line":341,"column":58}},"type":"binary-expr","locations":[{"start":{"line":341,"column":10},"end":{"line":341,"column":23}},{"start":{"line":341,"column":27},"end":{"line":341,"column":58}}],"line":341},"28":{"loc":{"start":{"line":348,"column":10},"end":{"line":350,"column":11}},"type":"if","locations":[{"start":{"line":348,"column":10},"end":{"line":350,"column":11}},{"start":{},"end":{}}],"line":348},"29":{"loc":{"start":{"line":362,"column":18},"end":{"line":362,"column":62}},"type":"binary-expr","locations":[{"start":{"line":362,"column":18},"end":{"line":362,"column":37}},{"start":{"line":362,"column":41},"end":{"line":362,"column":62}}],"line":362},"30":{"loc":{"start":{"line":368,"column":14},"end":{"line":368,"column":65}},"type":"binary-expr","locations":[{"start":{"line":368,"column":14},"end":{"line":368,"column":59}},{"start":{"line":368,"column":63},"end":{"line":368,"column":65}}],"line":368},"31":{"loc":{"start":{"line":373,"column":6},"end":{"line":386,"column":7}},"type":"if","locations":[{"start":{"line":373,"column":6},"end":{"line":386,"column":7}},{"start":{"line":379,"column":13},"end":{"line":386,"column":7}}],"line":373},"32":{"loc":{"start":{"line":377,"column":20},"end":{"line":377,"column":41}},"type":"binary-expr","locations":[{"start":{"line":377,"column":20},"end":{"line":377,"column":35}},{"start":{"line":377,"column":39},"end":{"line":377,"column":41}}],"line":377},"33":{"loc":{"start":{"line":379,"column":13},"end":{"line":386,"column":7}},"type":"if","locations":[{"start":{"line":379,"column":13},"end":{"line":386,"column":7}},{"start":{},"end":{}}],"line":379},"34":{"loc":{"start":{"line":383,"column":20},"end":{"line":383,"column":40}},"type":"binary-expr","locations":[{"start":{"line":383,"column":20},"end":{"line":383,"column":34}},{"start":{"line":383,"column":38},"end":{"line":383,"column":40}}],"line":383},"35":{"loc":{"start":{"line":384,"column":18},"end":{"line":384,"column":36}},"type":"binary-expr","locations":[{"start":{"line":384,"column":18},"end":{"line":384,"column":30}},{"start":{"line":384,"column":34},"end":{"line":384,"column":36}}],"line":384}},"s":{"0":92,"1":92,"2":5,"3":5,"4":4,"5":4,"6":3,"7":4,"8":1,"9":3,"10":3,"11":2,"12":2,"13":2,"14":1,"15":1,"16":1,"17":3,"18":1,"19":92,"20":4,"21":4,"22":3,"23":3,"24":2,"25":3,"26":1,"27":2,"28":2,"29":4,"30":3,"31":2,"32":2,"33":1,"34":92,"35":10,"36":10,"37":10,"38":10,"39":10,"40":10,"41":10,"42":2,"43":10,"44":8,"45":8,"46":10,"47":10,"48":9,"49":10,"50":10,"51":9,"52":1,"53":92,"54":4,"55":4,"56":4,"57":4,"58":3,"59":2,"60":3,"61":1,"62":2,"63":2,"64":2,"65":1,"66":1,"67":1,"68":92,"69":6,"70":6,"71":6,"72":6,"73":6,"74":5,"75":4,"76":5,"77":1,"78":4,"79":3,"80":4,"81":1,"82":3,"83":3,"84":2,"85":1,"86":2,"87":1,"88":1,"89":1,"90":1,"91":3,"92":3,"93":3,"94":1,"95":92,"96":7,"97":7,"98":7,"99":7,"100":6,"101":5,"102":6,"103":1,"104":5,"105":7,"106":5,"107":5,"108":10,"109":1,"110":1,"111":1,"112":1,"113":1,"114":1,"115":5,"116":3,"117":2,"118":2,"119":2,"120":1,"121":1,"122":2,"123":5,"124":10,"125":5,"126":10,"127":5,"128":3,"129":1,"130":5,"131":6,"132":4,"133":6,"134":4,"135":2,"136":1,"137":1,"138":1,"139":1,"140":5,"141":5,"142":5,"143":1,"144":92,"145":3,"146":3,"147":3,"148":3,"149":2,"150":3,"151":2,"152":1},"f":{"0":5,"1":3,"2":3,"3":2,"4":1,"5":4,"6":2,"7":4,"8":10,"9":2,"10":4,"11":2,"12":2,"13":6,"14":4,"15":3,"16":1,"17":7,"18":5,"19":7,"20":10,"21":1,"22":1,"23":3,"24":2,"25":1,"26":10,"27":10,"28":3,"29":1,"30":6,"31":6,"32":1,"33":3,"34":2},"b":{"0":[1,3],"1":[2,1],"2":[2,1],"3":[1,0],"4":[1,0],"5":[1,2],"6":[3,1],"7":[4,3],"8":[8,2],"9":[9,1],"10":[9,9],"11":[1,2],"12":[1,1],"13":[1,4],"14":[1,3],"15":[2,1],"16":[3,1],"17":[1,1],"18":[1,1],"19":[1,0],"20":[1,0],"21":[1,5],"22":[5,0],"23":[1,9],"24":[10,10],"25":[1,0],"26":[2,1],"27":[3,3],"28":[1,0],"29":[10,4],"30":[3,0],"31":[4,2],"32":[4,0],"33":[1,1],"34":[1,0],"35":[1,0]},"inputSourceMap":null,"_coverageSchema":"1a1c01bbd47fc00a2c39e90264f33305004495a9","hash":"bbd7acf0a5af708083fa535ecdd9dbf5f0f1e19c"}
,"/Users/andresitopacheco/Desktop/workspace/Builder/JsPsych/server/utils/db.js": {"path":"/Users/andresitopacheco/Desktop/workspace/Builder/JsPsych/server/utils/db.js","statementMap":{"0":{"start":{"line":8,"column":21},"end":{"line":8,"column":53}},"1":{"start":{"line":12,"column":0},"end":{"line":21,"column":1}},"2":{"start":{"line":13,"column":2},"end":{"line":13,"column":31}},"3":{"start":{"line":14,"column":2},"end":{"line":16,"column":3}},"4":{"start":{"line":15,"column":4},"end":{"line":15,"column":45}},"5":{"start":{"line":17,"column":2},"end":{"line":17,"column":31}},"6":{"start":{"line":19,"column":2},"end":{"line":19,"column":58}},"7":{"start":{"line":20,"column":2},"end":{"line":20,"column":31}},"8":{"start":{"line":22,"column":0},"end":{"line":22,"column":68}},"9":{"start":{"line":22,"column":27},"end":{"line":22,"column":68}},"10":{"start":{"line":24,"column":16},"end":{"line":24,"column":36}},"11":{"start":{"line":25,"column":18},"end":{"line":25,"column":38}},"12":{"start":{"line":28,"column":2},"end":{"line":28,"column":17}},"13":{"start":{"line":29,"column":2},"end":{"line":29,"column":29}},"14":{"start":{"line":30,"column":2},"end":{"line":30,"column":24}},"15":{"start":{"line":31,"column":2},"end":{"line":31,"column":25}},"16":{"start":{"line":32,"column":2},"end":{"line":32,"column":31}},"17":{"start":{"line":33,"column":2},"end":{"line":33,"column":32}},"18":{"start":{"line":34,"column":2},"end":{"line":34,"column":34}},"19":{"start":{"line":36,"column":2},"end":{"line":41,"column":4}}},"fnMap":{"0":{"name":"ensureDbData","decl":{"start":{"line":27,"column":16},"end":{"line":27,"column":28}},"loc":{"start":{"line":27,"column":31},"end":{"line":42,"column":1}},"line":27}},"branchMap":{"0":{"loc":{"start":{"line":8,"column":21},"end":{"line":8,"column":53}},"type":"binary-expr","locations":[{"start":{"line":8,"column":21},"end":{"line":8,"column":40}},{"start":{"line":8,"column":44},"end":{"line":8,"column":53}}],"line":8},"1":{"loc":{"start":{"line":12,"column":0},"end":{"line":21,"column":1}},"type":"if","locations":[{"start":{"line":12,"column":0},"end":{"line":21,"column":1}},{"start":{"line":18,"column":7},"end":{"line":21,"column":1}}],"line":12},"2":{"loc":{"start":{"line":14,"column":2},"end":{"line":16,"column":3}},"type":"if","locations":[{"start":{"line":14,"column":2},"end":{"line":16,"column":3}},{"start":{},"end":{}}],"line":14},"3":{"loc":{"start":{"line":22,"column":0},"end":{"line":22,"column":68}},"type":"if","locations":[{"start":{"line":22,"column":0},"end":{"line":22,"column":68}},{"start":{},"end":{}}],"line":22}},"s":{"0":305,"1":305,"2":2,"3":2,"4":1,"5":2,"6":303,"7":303,"8":305,"9":302,"10":305,"11":305,"12":421,"13":421,"14":421,"15":421,"16":421,"17":421,"18":421,"19":421},"f":{"0":421},"b":{"0":[305,0],"1":[2,303],"2":[1,1],"3":[302,3]},"inputSourceMap":null,"_coverageSchema":"1a1c01bbd47fc00a2c39e90264f33305004495a9","hash":"d8fbd0daf93899be21941be29d6313115afe2ed1"}
,"/Users/andresitopacheco/Desktop/workspace/Builder/JsPsych/server/utils/paths.js": {"path":"/Users/andresitopacheco/Desktop/workspace/Builder/JsPsych/server/utils/paths.js","statementMap":{"0":{"start":{"line":4,"column":26},"end":{"line":4,"column":56}},"1":{"start":{"line":5,"column":25},"end":{"line":5,"column":69}}},"fnMap":{},"branchMap":{},"s":{"0":305,"1":305},"f":{},"b":{},"inputSourceMap":null,"_coverageSchema":"1a1c01bbd47fc00a2c39e90264f33305004495a9","hash":"2c183b3e1a0c80c2a50865f5fd489b9ecd3f6d1f"}
,"/Users/andresitopacheco/Desktop/workspace/Builder/JsPsych/server/utils/plugin-scripts.js": {"path":"/Users/andresitopacheco/Desktop/workspace/Builder/JsPsych/server/utils/plugin-scripts.js","statementMap":{"0":{"start":{"line":13,"column":24},"end":{"line":32,"column":1}},"1":{"start":{"line":35,"column":31},"end":{"line":35,"column":38}},"2":{"start":{"line":45,"column":35},"end":{"line":50,"column":2}},"3":{"start":{"line":57,"column":2},"end":{"line":57,"column":94}},"4":{"start":{"line":64,"column":27},"end":{"line":64,"column":71}},"5":{"start":{"line":70,"column":21},"end":{"line":70,"column":48}},"6":{"start":{"line":82,"column":18},"end":{"line":82,"column":67}},"7":{"start":{"line":83,"column":2},"end":{"line":83,"column":59}},"8":{"start":{"line":107,"column":24},"end":{"line":107,"column":65}},"9":{"start":{"line":109,"column":21},"end":{"line":109,"column":23}},"10":{"start":{"line":110,"column":20},"end":{"line":110,"column":22}},"11":{"start":{"line":111,"column":22},"end":{"line":111,"column":27}},"12":{"start":{"line":113,"column":2},"end":{"line":131,"column":3}},"13":{"start":{"line":116,"column":4},"end":{"line":118,"column":5}},"14":{"start":{"line":117,"column":6},"end":{"line":117,"column":27}},"15":{"start":{"line":120,"column":4},"end":{"line":125,"column":5}},"16":{"start":{"line":121,"column":22},"end":{"line":121,"column":54}},"17":{"start":{"line":122,"column":6},"end":{"line":124,"column":8}},"18":{"start":{"line":128,"column":4},"end":{"line":128,"column":43}},"19":{"start":{"line":128,"column":34},"end":{"line":128,"column":43}},"20":{"start":{"line":130,"column":4},"end":{"line":130,"column":39}},"21":{"start":{"line":134,"column":2},"end":{"line":136,"column":3}},"22":{"start":{"line":135,"column":4},"end":{"line":135,"column":40}},"23":{"start":{"line":138,"column":2},"end":{"line":138,"column":35}},"24":{"start":{"line":149,"column":22},"end":{"line":149,"column":73}},"25":{"start":{"line":149,"column":48},"end":{"line":149,"column":56}},"26":{"start":{"line":150,"column":2},"end":{"line":150,"column":39}},"27":{"start":{"line":162,"column":21},"end":{"line":164,"column":15}},"28":{"start":{"line":163,"column":18},"end":{"line":163,"column":50}},"29":{"start":{"line":165,"column":20},"end":{"line":167,"column":15}},"30":{"start":{"line":166,"column":18},"end":{"line":166,"column":59}},"31":{"start":{"line":168,"column":2},"end":{"line":168,"column":35}}},"fnMap":{"0":{"name":"pluginUrl","decl":{"start":{"line":81,"column":9},"end":{"line":81,"column":18}},"loc":{"start":{"line":81,"column":27},"end":{"line":84,"column":1}},"line":81},"1":{"name":"getPluginScripts","decl":{"start":{"line":106,"column":16},"end":{"line":106,"column":32}},"loc":{"start":{"line":106,"column":46},"end":{"line":139,"column":1}},"line":106},"2":{"name":"getPluginScriptsFromTrials","decl":{"start":{"line":148,"column":16},"end":{"line":148,"column":42}},"loc":{"start":{"line":148,"column":51},"end":{"line":151,"column":1}},"line":148},"3":{"name":"(anonymous_3)","decl":{"start":{"line":149,"column":41},"end":{"line":149,"column":42}},"loc":{"start":{"line":149,"column":48},"end":{"line":149,"column":56}},"line":149},"4":{"name":"buildHtmlTags","decl":{"start":{"line":161,"column":16},"end":{"line":161,"column":29}},"loc":{"start":{"line":161,"column":53},"end":{"line":169,"column":1}},"line":161},"5":{"name":"(anonymous_5)","decl":{"start":{"line":163,"column":9},"end":{"line":163,"column":10}},"loc":{"start":{"line":163,"column":18},"end":{"line":163,"column":50}},"line":163},"6":{"name":"(anonymous_6)","decl":{"start":{"line":166,"column":9},"end":{"line":166,"column":10}},"loc":{"start":{"line":166,"column":18},"end":{"line":166,"column":59}},"line":166}},"branchMap":{"0":{"loc":{"start":{"line":82,"column":18},"end":{"line":82,"column":67}},"type":"binary-expr","locations":[{"start":{"line":82,"column":18},"end":{"line":82,"column":41}},{"start":{"line":82,"column":45},"end":{"line":82,"column":67}}],"line":82},"1":{"loc":{"start":{"line":116,"column":4},"end":{"line":118,"column":5}},"type":"if","locations":[{"start":{"line":116,"column":4},"end":{"line":118,"column":5}},{"start":{},"end":{}}],"line":116},"2":{"loc":{"start":{"line":120,"column":4},"end":{"line":125,"column":5}},"type":"if","locations":[{"start":{"line":120,"column":4},"end":{"line":125,"column":5}},{"start":{},"end":{}}],"line":120},"3":{"loc":{"start":{"line":128,"column":4},"end":{"line":128,"column":43}},"type":"if","locations":[{"start":{"line":128,"column":4},"end":{"line":128,"column":43}},{"start":{},"end":{}}],"line":128},"4":{"loc":{"start":{"line":134,"column":2},"end":{"line":136,"column":3}},"type":"if","locations":[{"start":{"line":134,"column":2},"end":{"line":136,"column":3}},{"start":{},"end":{}}],"line":134},"5":{"loc":{"start":{"line":149,"column":23},"end":{"line":149,"column":35}},"type":"binary-expr","locations":[{"start":{"line":149,"column":23},"end":{"line":149,"column":29}},{"start":{"line":149,"column":33},"end":{"line":149,"column":35}}],"line":149}},"s":{"0":35,"1":35,"2":35,"3":35,"4":35,"5":35,"6":9,"7":9,"8":12,"9":12,"10":12,"11":12,"12":12,"13":10,"14":1,"15":10,"16":3,"17":3,"18":10,"19":1,"20":9,"21":12,"22":1,"23":12,"24":4,"25":3,"26":4,"27":3,"28":3,"29":3,"30":1,"31":3},"f":{"0":9,"1":12,"2":4,"3":3,"4":3,"5":3,"6":1},"b":{"0":[9,4],"1":[1,9],"2":[3,7],"3":[1,9],"4":[1,11],"5":[4,3]},"inputSourceMap":null,"_coverageSchema":"1a1c01bbd47fc00a2c39e90264f33305004495a9","hash":"e5de5dfa26105becb600a8500262d5406c999bb6"}
,"/Users/andresitopacheco/Desktop/workspace/Builder/JsPsych/server/utils/templates.js": {"path":"/Users/andresitopacheco/Desktop/workspace/Builder/JsPsych/server/utils/templates.js","statementMap":{"0":{"start":{"line":7,"column":23},"end":{"line":7,"column":59}},"1":{"start":{"line":8,"column":29},"end":{"line":8,"column":62}},"2":{"start":{"line":10,"column":2},"end":{"line":12,"column":3}},"3":{"start":{"line":11,"column":4},"end":{"line":11,"column":52}},"4":{"start":{"line":14,"column":21},"end":{"line":14,"column":58}},"5":{"start":{"line":15,"column":21},"end":{"line":15,"column":64}},"6":{"start":{"line":18,"column":2},"end":{"line":23,"column":3}},"7":{"start":{"line":19,"column":4},"end":{"line":19,"column":44}},"8":{"start":{"line":21,"column":4},"end":{"line":21,"column":62}},"9":{"start":{"line":22,"column":4},"end":{"line":22,"column":66}},"10":{"start":{"line":25,"column":2},"end":{"line":25,"column":20}}},"fnMap":{"0":{"name":"ensureTemplate","decl":{"start":{"line":6,"column":16},"end":{"line":6,"column":30}},"loc":{"start":{"line":6,"column":45},"end":{"line":26,"column":1}},"line":6}},"branchMap":{"0":{"loc":{"start":{"line":10,"column":2},"end":{"line":12,"column":3}},"type":"if","locations":[{"start":{"line":10,"column":2},"end":{"line":12,"column":3}},{"start":{},"end":{}}],"line":10},"1":{"loc":{"start":{"line":18,"column":2},"end":{"line":23,"column":3}},"type":"if","locations":[{"start":{"line":18,"column":2},"end":{"line":23,"column":3}},{"start":{"line":20,"column":9},"end":{"line":23,"column":3}}],"line":18}},"s":{"0":17,"1":17,"2":17,"3":11,"4":17,"5":17,"6":17,"7":16,"8":1,"9":1,"10":16},"f":{"0":17},"b":{"0":[11,6],"1":[16,1]},"inputSourceMap":null,"_coverageSchema":"1a1c01bbd47fc00a2c39e90264f33305004495a9","hash":"4d78a85ace00b11ab382d7e394b9935f7f19ad82"}
}
