TN:
SF:server/routes/configs.js
FN:21,(anonymous_0)
FN:25,(anonymous_1)
FN:54,(anonymous_2)
FN:60,(anonymous_3)
FN:95,(anonymous_4)
FN:99,(anonymous_5)
FN:114,(anonymous_6)
FN:119,(anonymous_7)
FNF:8
FNH:8
FNDA:4,(anonymous_0)
FNDA:2,(anonymous_1)
FNDA:5,(anonymous_2)
FNDA:3,(anonymous_3)
FNDA:3,(anonymous_4)
FNDA:1,(anonymous_5)
FNDA:3,(anonymous_6)
FNDA:1,(anonymous_7)
DA:10,15
DA:21,15
DA:22,4
DA:23,4
DA:24,3
DA:25,2
DA:27,3
DA:28,1
DA:29,2
DA:35,1
DA:54,15
DA:55,5
DA:56,5
DA:58,5
DA:59,4
DA:60,3
DA:63,4
DA:72,4
DA:73,3
DA:75,3
DA:76,3
DA:77,1
DA:79,3
DA:81,1
DA:84,4
DA:85,4
DA:87,1
DA:95,15
DA:96,3
DA:97,3
DA:98,2
DA:99,1
DA:101,2
DA:102,2
DA:104,1
DA:114,15
DA:115,3
DA:116,3
DA:117,3
DA:118,2
DA:119,1
DA:121,2
DA:122,1
DA:130,1
DA:132,2
DA:136,2
DA:137,2
DA:138,2
DA:140,1
LF:49
LH:49
BRDA:27,0,0,1
BRDA:27,0,1,2
BRDA:32,1,0,2
BRDA:32,1,1,1
BRDA:67,2,0,4
BRDA:67,2,1,2
BRDA:72,3,0,3
BRDA:72,3,1,1
BRDA:76,4,0,1
BRDA:76,4,1,2
BRDA:76,5,0,3
BRDA:76,5,1,1
BRDA:101,6,0,2
BRDA:101,6,1,1
BRDA:121,7,0,1
BRDA:121,7,1,1
BRDA:133,8,0,2
BRDA:133,8,1,0
BRDA:134,9,0,2
BRDA:134,9,1,0
BRF:20
BRH:18
end_of_record
TN:
SF:server/routes/db.js
FN:22,sanitizeName
FN:39,buildExperimentsZip
FN:48,(anonymous_2)
FN:51,(anonymous_3)
FN:54,(anonymous_4)
FN:91,(anonymous_5)
FN:103,(anonymous_6)
FN:105,(anonymous_7)
FN:128,(anonymous_8)
FN:132,(anonymous_9)
FN:162,(anonymous_10)
FN:179,(anonymous_11)
FN:202,(anonymous_12)
FN:210,(anonymous_13)
FN:219,(anonymous_14)
FN:228,(anonymous_15)
FN:283,(anonymous_16)
FNF:17
FNH:12
FNDA:10,sanitizeName
FNDA:7,buildExperimentsZip
FNDA:1,(anonymous_2)
FNDA:1,(anonymous_3)
FNDA:1,(anonymous_4)
FNDA:7,(anonymous_5)
FNDA:2,(anonymous_6)
FNDA:3,(anonymous_7)
FNDA:5,(anonymous_8)
FNDA:3,(anonymous_9)
FNDA:1,(anonymous_10)
FNDA:0,(anonymous_11)
FNDA:0,(anonymous_12)
FNDA:0,(anonymous_13)
FNDA:0,(anonymous_14)
FNDA:0,(anonymous_15)
FNDA:3,(anonymous_16)
DA:15,16
DA:23,10
DA:31,16
DA:40,7
DA:42,7
DA:43,7
DA:44,7
DA:45,7
DA:48,7
DA:51,7
DA:53,7
DA:54,1
DA:57,7
DA:67,7
DA:68,7
DA:69,1
DA:70,4
DA:71,4
DA:72,1
DA:73,1
DA:74,1
DA:75,1
DA:82,7
DA:91,16
DA:92,7
DA:93,7
DA:94,6
DA:95,6
DA:96,1
DA:99,5
DA:100,2
DA:103,2
DA:105,3
DA:106,2
DA:107,1
DA:110,4
DA:111,4
DA:112,4
DA:113,4
DA:117,4
DA:119,1
DA:128,16
DA:129,5
DA:130,5
DA:131,4
DA:132,3
DA:134,4
DA:135,1
DA:137,3
DA:138,3
DA:139,3
DA:140,3
DA:144,3
DA:146,1
DA:158,16
DA:159,16
DA:163,1
DA:164,1
DA:168,0
DA:169,0
DA:170,0
DA:171,0
DA:173,0
DA:175,0
DA:178,0
DA:179,0
DA:180,0
DA:181,0
DA:184,0
DA:186,0
DA:187,0
DA:188,0
DA:191,0
DA:192,0
DA:194,0
DA:197,0
DA:198,0
DA:201,0
DA:202,0
DA:204,0
DA:205,0
DA:208,0
DA:209,0
DA:210,0
DA:212,0
DA:213,0
DA:217,0
DA:218,0
DA:219,0
DA:221,0
DA:222,0
DA:226,0
DA:227,0
DA:228,0
DA:230,0
DA:234,0
DA:235,0
DA:237,0
DA:238,0
DA:239,0
DA:241,0
DA:242,0
DA:244,0
DA:245,0
DA:246,0
DA:247,0
DA:250,0
DA:251,0
DA:253,0
DA:254,0
DA:255,0
DA:256,0
DA:258,0
DA:259,0
DA:262,0
DA:265,0
DA:266,0
DA:268,0
DA:269,0
DA:270,0
DA:273,0
DA:283,16
DA:284,3
DA:285,3
DA:287,3
DA:288,2
DA:291,2
DA:292,0
DA:293,0
DA:294,0
DA:301,0
DA:306,0
DA:307,0
DA:310,0
DA:311,0
DA:317,0
DA:326,2
DA:327,2
DA:328,2
DA:329,2
DA:330,2
DA:331,2
DA:334,2
DA:335,4
DA:336,4
DA:337,2
DA:338,2
DA:344,2
DA:345,2
DA:346,2
DA:348,2
DA:349,4
DA:350,4
DA:351,2
DA:355,2
DA:360,1
DA:361,1
LF:157
LH:85
BRDA:24,0,0,10
BRDA:24,0,1,0
BRDA:43,1,0,7
BRDA:43,1,1,0
BRDA:48,2,0,7
BRDA:48,2,1,6
BRDA:51,3,0,7
BRDA:51,3,1,6
BRDA:68,4,0,1
BRDA:68,4,1,6
BRDA:71,5,0,3
BRDA:71,5,1,1
BRDA:74,6,0,1
BRDA:74,6,1,0
BRDA:94,7,0,6
BRDA:94,7,1,0
BRDA:95,8,0,1
BRDA:95,8,1,5
BRDA:99,9,0,2
BRDA:99,9,1,3
BRDA:106,10,0,1
BRDA:106,10,1,1
BRDA:134,11,0,1
BRDA:134,11,1,3
BRDA:138,12,0,3
BRDA:138,12,1,0
BRDA:163,13,0,1
BRDA:163,13,1,0
BRDA:181,14,0,0
BRDA:181,14,1,0
BRDA:188,15,0,0
BRDA:188,15,1,0
BRDA:198,16,0,0
BRDA:198,16,1,0
BRDA:204,17,0,0
BRDA:204,17,1,0
BRDA:208,18,0,0
BRDA:208,18,1,0
BRDA:212,19,0,0
BRDA:212,19,1,0
BRDA:217,20,0,0
BRDA:217,20,1,0
BRDA:221,21,0,0
BRDA:221,21,1,0
BRDA:226,22,0,0
BRDA:226,22,1,0
BRDA:226,23,0,0
BRDA:226,23,1,0
BRDA:234,24,0,0
BRDA:234,24,1,0
BRDA:238,25,0,0
BRDA:238,25,1,0
BRDA:239,26,0,0
BRDA:239,26,1,0
BRDA:242,27,0,0
BRDA:242,27,1,0
BRDA:245,28,0,0
BRDA:245,28,1,0
BRDA:247,29,0,0
BRDA:247,29,1,0
BRDA:251,30,0,0
BRDA:251,30,1,0
BRDA:251,31,0,0
BRDA:251,31,1,0
BRDA:255,32,0,0
BRDA:255,32,1,0
BRDA:268,33,0,0
BRDA:268,33,1,0
BRDA:288,34,0,2
BRDA:288,34,1,0
BRDA:291,35,0,0
BRDA:291,35,1,2
BRDA:291,36,0,2
BRDA:291,36,1,0
BRDA:294,37,0,0
BRDA:294,37,1,0
BRDA:306,38,0,0
BRDA:306,38,1,0
BRDA:336,39,0,2
BRDA:336,39,1,2
BRDA:346,40,0,2
BRDA:346,40,1,0
BRDA:350,41,0,2
BRDA:350,41,1,2
BRF:84
BRH:30
end_of_record
TN:
SF:server/routes/experiments.js
FN:41,(anonymous_0)
FN:46,(anonymous_1)
FN:63,(anonymous_2)
FN:67,(anonymous_3)
FN:94,(anonymous_4)
FN:137,(anonymous_5)
FN:146,(anonymous_6)
FN:151,(anonymous_7)
FN:159,(anonymous_8)
FN:164,(anonymous_9)
FN:169,(anonymous_10)
FN:175,(anonymous_11)
FN:260,(anonymous_12)
FN:268,(anonymous_13)
FN:301,(anonymous_14)
FN:309,(anonymous_15)
FN:320,(anonymous_16)
FN:395,(anonymous_17)
FN:399,(anonymous_18)
FN:417,(anonymous_19)
FN:421,(anonymous_20)
FN:445,(anonymous_21)
FN:453,(anonymous_22)
FN:464,(anonymous_23)
FN:537,(anonymous_24)
FN:562,(anonymous_25)
FN:656,(anonymous_26)
FN:785,(anonymous_27)
FN:790,(anonymous_28)
FN:815,(anonymous_29)
FN:825,(anonymous_30)
FNF:31
FNH:26
FNDA:3,(anonymous_0)
FNDA:1,(anonymous_1)
FNDA:3,(anonymous_2)
FNDA:1,(anonymous_3)
FNDA:3,(anonymous_4)
FNDA:4,(anonymous_5)
FNDA:1,(anonymous_6)
FNDA:1,(anonymous_7)
FNDA:1,(anonymous_8)
FNDA:1,(anonymous_9)
FNDA:1,(anonymous_10)
FNDA:1,(anonymous_11)
FNDA:20,(anonymous_12)
FNDA:0,(anonymous_13)
FNDA:3,(anonymous_14)
FNDA:2,(anonymous_15)
FNDA:0,(anonymous_16)
FNDA:2,(anonymous_17)
FNDA:1,(anonymous_18)
FNDA:2,(anonymous_19)
FNDA:1,(anonymous_20)
FNDA:2,(anonymous_21)
FNDA:2,(anonymous_22)
FNDA:0,(anonymous_23)
FNDA:3,(anonymous_24)
FNDA:0,(anonymous_25)
FNDA:0,(anonymous_26)
FNDA:4,(anonymous_27)
FNDA:2,(anonymous_28)
FNDA:4,(anonymous_29)
FNDA:2,(anonymous_30)
DA:18,33
DA:21,33
DA:22,33
DA:23,33
DA:24,33
DA:25,33
DA:26,33
DA:41,33
DA:42,3
DA:43,3
DA:44,2
DA:45,2
DA:46,1
DA:48,2
DA:50,1
DA:63,33
DA:64,3
DA:65,3
DA:66,2
DA:67,1
DA:69,2
DA:70,1
DA:72,1
DA:74,1
DA:94,33
DA:95,3
DA:96,3
DA:97,3
DA:98,1
DA:100,2
DA:101,2
DA:111,2
DA:112,1
DA:113,1
DA:114,1
DA:116,1
DA:121,1
DA:137,33
DA:138,4
DA:139,4
DA:140,4
DA:142,4
DA:143,3
DA:145,3
DA:146,1
DA:148,3
DA:150,3
DA:151,1
DA:153,3
DA:154,1
DA:158,3
DA:159,1
DA:163,3
DA:164,1
DA:168,3
DA:169,1
DA:173,3
DA:174,3
DA:175,1
DA:178,3
DA:181,3
DA:182,1
DA:186,1
DA:188,1
DA:192,1
DA:196,3
DA:197,3
DA:198,1
DA:200,3
DA:201,3
DA:202,1
DA:206,3
DA:207,0
DA:209,0
DA:216,0
DA:218,0
DA:230,0
DA:232,0
DA:233,0
DA:234,0
DA:235,0
DA:237,0
DA:238,0
DA:241,0
DA:247,0
DA:254,3
DA:256,1
DA:260,33
DA:262,20
DA:263,20
DA:264,0
DA:266,0
DA:268,0
DA:269,0
DA:270,0
DA:276,0
DA:277,0
DA:278,0
DA:279,0
DA:283,20
DA:301,33
DA:302,3
DA:303,3
DA:304,3
DA:307,3
DA:308,3
DA:309,2
DA:311,3
DA:312,1
DA:316,2
DA:319,2
DA:320,0
DA:324,2
DA:325,2
DA:326,0
DA:327,0
DA:328,0
DA:329,0
DA:330,0
DA:337,2
DA:338,0
DA:348,2
DA:349,2
DA:354,2
DA:355,2
DA:356,2
DA:357,2
DA:358,2
DA:359,1
DA:365,1
DA:366,1
DA:367,0
DA:368,0
DA:373,1
DA:376,1
DA:377,1
DA:383,0
DA:384,0
DA:395,33
DA:396,2
DA:397,2
DA:398,2
DA:399,1
DA:401,2
DA:402,2
DA:403,0
DA:404,0
DA:405,0
DA:406,0
DA:407,0
DA:417,33
DA:418,2
DA:419,2
DA:420,2
DA:421,1
DA:423,2
DA:424,2
DA:425,0
DA:426,0
DA:427,0
DA:428,0
DA:429,0
DA:445,33
DA:446,2
DA:447,2
DA:448,2
DA:451,2
DA:452,2
DA:453,2
DA:455,2
DA:456,0
DA:460,2
DA:463,2
DA:464,0
DA:468,2
DA:469,2
DA:470,0
DA:471,0
DA:472,0
DA:473,0
DA:474,0
DA:479,2
DA:480,2
DA:485,2
DA:486,2
DA:487,2
DA:488,2
DA:489,2
DA:490,1
DA:496,1
DA:497,1
DA:498,0
DA:499,0
DA:504,1
DA:507,1
DA:508,1
DA:514,0
DA:515,0
DA:537,33
DA:538,3
DA:539,3
DA:540,3
DA:542,3
DA:543,1
DA:549,2
DA:550,1
DA:557,1
DA:560,1
DA:561,1
DA:562,0
DA:565,1
DA:566,1
DA:573,0
DA:574,0
DA:575,0
DA:576,0
DA:577,0
DA:583,0
DA:588,0
DA:593,0
DA:599,0
DA:600,0
DA:603,0
DA:604,0
DA:606,0
DA:609,0
DA:612,0
DA:613,0
DA:614,0
DA:622,0
DA:623,0
DA:624,0
DA:625,0
DA:629,0
DA:630,0
DA:631,0
DA:633,0
DA:637,0
DA:640,0
DA:641,0
DA:642,0
DA:643,0
DA:646,0
DA:649,0
DA:652,0
DA:655,0
DA:656,0
DA:658,0
DA:661,0
DA:662,0
DA:666,0
DA:667,0
DA:674,0
DA:675,0
DA:676,0
DA:678,0
DA:679,0
DA:680,0
DA:681,0
DA:682,0
DA:683,0
DA:684,0
DA:685,0
DA:686,0
DA:687,0
DA:693,0
DA:703,0
DA:704,0
DA:705,0
DA:714,0
DA:715,0
DA:720,0
DA:722,0
DA:723,0
DA:725,0
DA:742,0
DA:744,0
DA:745,0
DA:750,0
DA:751,0
DA:752,0
DA:753,0
DA:755,0
DA:762,0
DA:763,0
DA:769,0
DA:770,0
DA:776,0
DA:777,0
DA:785,33
DA:786,4
DA:787,4
DA:788,3
DA:789,3
DA:790,2
DA:792,3
DA:793,1
DA:796,2
DA:805,1
DA:815,33
DA:820,4
DA:821,4
DA:822,4
DA:823,3
DA:824,3
DA:825,2
DA:827,3
DA:828,1
DA:831,2
DA:836,2
DA:837,2
DA:838,2
DA:840,1
LF:313
LH:181
BRDA:23,0,0,33
BRDA:23,0,1,0
BRDA:25,1,0,33
BRDA:25,1,1,0
BRDA:69,2,0,1
BRDA:69,2,1,1
BRDA:97,3,0,1
BRDA:97,3,1,2
BRDA:153,4,0,1
BRDA:153,4,1,2
BRDA:181,5,0,1
BRDA:181,5,1,2
BRDA:181,6,0,3
BRDA:181,6,1,1
BRDA:186,7,0,0
BRDA:186,7,1,1
BRDA:192,8,0,0
BRDA:192,8,1,1
BRDA:197,9,0,1
BRDA:197,9,1,2
BRDA:197,10,0,3
BRDA:197,10,1,1
BRDA:201,11,0,1
BRDA:201,11,1,2
BRDA:206,12,0,0
BRDA:206,12,1,3
BRDA:209,13,0,0
BRDA:209,13,1,0
BRDA:232,14,0,0
BRDA:232,14,1,0
BRDA:234,15,0,0
BRDA:234,15,1,0
BRDA:237,16,0,0
BRDA:237,16,1,0
BRDA:263,17,0,0
BRDA:263,17,1,20
BRDA:271,18,0,0
BRDA:271,18,1,0
BRDA:271,18,2,0
BRDA:278,19,0,0
BRDA:278,19,1,0
BRDA:311,20,0,1
BRDA:311,20,1,2
BRDA:311,21,0,3
BRDA:311,21,1,2
BRDA:325,22,0,0
BRDA:325,22,1,2
BRDA:325,23,0,2
BRDA:325,23,1,2
BRDA:326,24,0,0
BRDA:326,24,1,0
BRDA:328,25,0,0
BRDA:328,25,1,0
BRDA:337,26,0,0
BRDA:337,26,1,2
BRDA:339,27,0,0
BRDA:339,27,1,0
BRDA:341,28,0,0
BRDA:341,28,1,0
BRDA:344,29,0,0
BRDA:344,29,1,0
BRDA:358,30,0,1
BRDA:358,30,1,1
BRDA:366,31,0,0
BRDA:366,31,1,1
BRDA:401,32,0,2
BRDA:401,32,1,0
BRDA:401,33,0,2
BRDA:401,33,1,0
BRDA:405,34,0,0
BRDA:405,34,1,0
BRDA:423,35,0,2
BRDA:423,35,1,0
BRDA:423,36,0,2
BRDA:423,36,1,0
BRDA:427,37,0,0
BRDA:427,37,1,0
BRDA:455,38,0,0
BRDA:455,38,1,2
BRDA:455,39,0,2
BRDA:455,39,1,2
BRDA:469,40,0,0
BRDA:469,40,1,2
BRDA:469,41,0,2
BRDA:469,41,1,2
BRDA:470,42,0,0
BRDA:470,42,1,0
BRDA:472,43,0,0
BRDA:472,43,1,0
BRDA:489,44,0,1
BRDA:489,44,1,1
BRDA:497,45,0,0
BRDA:497,45,1,1
BRDA:542,46,0,1
BRDA:542,46,1,2
BRDA:549,47,0,1
BRDA:549,47,1,1
BRDA:557,48,0,1
BRDA:557,48,1,1
BRDA:565,49,0,1
BRDA:565,49,1,0
BRDA:565,50,0,1
BRDA:565,50,1,0
BRDA:573,51,0,0
BRDA:573,51,1,0
BRDA:599,52,0,0
BRDA:599,52,1,0
BRDA:613,53,0,0
BRDA:613,53,1,0
BRDA:659,54,0,0
BRDA:659,54,1,0
BRDA:680,55,0,0
BRDA:680,55,1,0
BRDA:703,56,0,0
BRDA:703,56,1,0
BRDA:714,57,0,0
BRDA:714,57,1,0
BRDA:714,58,0,0
BRDA:714,58,1,0
BRDA:736,59,0,0
BRDA:736,59,1,0
BRDA:744,60,0,0
BRDA:744,60,1,0
BRDA:750,61,0,0
BRDA:750,61,1,0
BRDA:765,62,0,0
BRDA:765,62,1,0
BRDA:792,63,0,1
BRDA:792,63,1,2
BRDA:798,64,0,2
BRDA:798,64,1,1
BRDA:817,65,0,0
BRDA:818,66,0,3
BRDA:819,67,0,3
BRDA:820,68,0,4
BRDA:820,68,1,0
BRDA:827,69,0,1
BRDA:827,69,1,2
BRF:138
BRH:63
end_of_record
TN:
SF:server/routes/files.js
FN:19,(anonymous_0)
FN:38,(anonymous_1)
FN:51,(anonymous_2)
FN:73,(anonymous_3)
FN:82,(anonymous_4)
FN:87,(anonymous_5)
FN:114,(anonymous_6)
FN:122,(anonymous_7)
FN:129,(anonymous_8)
FN:132,(anonymous_9)
FN:143,(anonymous_10)
FN:169,(anonymous_11)
FN:175,(anonymous_12)
FN:206,(anonymous_13)
FN:218,(anonymous_14)
FN:230,(anonymous_15)
FN:281,(anonymous_16)
FN:290,(anonymous_17)
FN:294,(anonymous_18)
FN:297,(anonymous_19)
FN:315,(anonymous_20)
FN:323,(anonymous_21)
FN:354,(anonymous_22)
FN:362,(anonymous_23)
FN:373,(anonymous_24)
FNF:25
FNH:18
FNDA:0,(anonymous_0)
FNDA:0,(anonymous_1)
FNDA:0,(anonymous_2)
FNDA:1,(anonymous_3)
FNDA:0,(anonymous_4)
FNDA:0,(anonymous_5)
FNDA:6,(anonymous_6)
FNDA:1,(anonymous_7)
FNDA:4,(anonymous_8)
FNDA:2,(anonymous_9)
FNDA:2,(anonymous_10)
FNDA:3,(anonymous_11)
FNDA:1,(anonymous_12)
FNDA:4,(anonymous_13)
FNDA:0,(anonymous_14)
FNDA:2,(anonymous_15)
FNDA:4,(anonymous_16)
FNDA:4,(anonymous_17)
FNDA:2,(anonymous_18)
FNDA:3,(anonymous_19)
FNDA:3,(anonymous_20)
FNDA:1,(anonymous_21)
FNDA:3,(anonymous_22)
FNDA:1,(anonymous_23)
FNDA:0,(anonymous_24)
DA:16,24
DA:18,24
DA:20,0
DA:21,0
DA:22,0
DA:23,0
DA:24,0
DA:25,0
DA:26,0
DA:27,0
DA:29,0
DA:31,0
DA:35,0
DA:36,0
DA:37,0
DA:38,0
DA:40,0
DA:41,0
DA:44,0
DA:45,0
DA:46,0
DA:48,0
DA:52,0
DA:56,24
DA:70,24
DA:74,1
DA:75,1
DA:76,1
DA:77,1
DA:79,0
DA:80,0
DA:81,0
DA:82,0
DA:84,0
DA:85,0
DA:87,0
DA:88,0
DA:89,0
DA:91,0
DA:96,0
DA:97,0
DA:114,24
DA:115,6
DA:116,6
DA:117,6
DA:119,6
DA:120,6
DA:121,5
DA:122,1
DA:124,5
DA:125,1
DA:127,5
DA:128,1
DA:129,1
DA:130,4
DA:131,4
DA:132,2
DA:137,2
DA:141,4
DA:142,4
DA:143,2
DA:150,5
DA:152,1
DA:167,24
DA:170,3
DA:171,3
DA:172,3
DA:173,3
DA:174,3
DA:175,1
DA:177,3
DA:178,1
DA:180,3
DA:181,3
DA:182,3
DA:183,1
DA:184,1
DA:186,2
DA:189,0
DA:206,24
DA:207,4
DA:208,4
DA:209,4
DA:211,4
DA:212,1
DA:215,3
DA:216,3
DA:217,2
DA:218,0
DA:220,2
DA:221,0
DA:224,2
DA:225,2
DA:227,2
DA:228,2
DA:230,2
DA:231,2
DA:232,2
DA:233,2
DA:234,2
DA:235,2
DA:238,2
DA:241,2
DA:245,2
DA:256,2
DA:259,2
DA:260,2
DA:261,2
DA:263,2
DA:269,1
DA:270,1
DA:281,24
DA:282,4
DA:283,4
DA:284,4
DA:286,4
DA:287,3
DA:289,3
DA:290,4
DA:293,3
DA:294,2
DA:297,3
DA:302,3
DA:304,1
DA:313,24
DA:316,3
DA:317,3
DA:318,3
DA:320,3
DA:321,3
DA:322,2
DA:323,1
DA:325,2
DA:326,1
DA:329,2
DA:336,2
DA:337,1
DA:340,1
DA:342,1
DA:352,24
DA:355,3
DA:356,3
DA:358,3
DA:359,2
DA:361,2
DA:362,1
DA:365,2
DA:366,1
DA:369,1
DA:371,1
DA:372,1
DA:373,0
DA:375,1
DA:376,0
DA:378,1
DA:384,1
DA:385,1
DA:388,1
DA:389,1
DA:391,1
DA:393,1
LF:161
LH:123
BRDA:21,0,0,0
BRDA:21,0,1,0
BRDA:24,1,0,0
BRDA:24,1,1,0
BRDA:25,2,0,0
BRDA:25,2,1,0
BRDA:26,3,0,0
BRDA:26,3,1,0
BRDA:29,4,0,0
BRDA:29,4,1,0
BRDA:40,5,0,0
BRDA:40,5,1,0
BRDA:40,6,0,0
BRDA:40,6,1,0
BRDA:76,7,0,1
BRDA:76,7,1,0
BRDA:76,8,0,1
BRDA:76,8,1,0
BRDA:84,9,0,0
BRDA:84,9,1,0
BRDA:84,10,0,0
BRDA:84,10,1,0
BRDA:97,11,0,0
BRDA:97,11,1,0
BRDA:124,12,0,1
BRDA:124,12,1,4
BRDA:124,13,0,5
BRDA:124,13,1,1
BRDA:127,14,0,1
BRDA:127,14,1,4
BRDA:131,15,0,2
BRDA:131,15,1,2
BRDA:142,16,0,2
BRDA:142,16,1,2
BRDA:177,17,0,1
BRDA:177,17,1,2
BRDA:177,18,0,3
BRDA:177,18,1,1
BRDA:182,19,0,1
BRDA:182,19,1,2
BRDA:209,20,0,4
BRDA:209,20,1,0
BRDA:211,21,0,1
BRDA:211,21,1,3
BRDA:211,22,0,4
BRDA:211,22,1,3
BRDA:220,23,0,0
BRDA:220,23,1,2
BRDA:220,24,0,2
BRDA:220,24,1,0
BRDA:232,25,0,2
BRDA:232,25,1,0
BRDA:233,26,0,0
BRDA:233,26,1,2
BRDA:238,27,0,1
BRDA:238,27,1,1
BRDA:248,28,0,2
BRDA:248,28,1,2
BRDA:250,29,0,2
BRDA:250,29,1,0
BRDA:251,30,0,2
BRDA:251,30,1,0
BRDA:252,31,0,2
BRDA:252,31,1,0
BRDA:270,32,0,1
BRDA:270,32,1,0
BRDA:293,33,0,1
BRDA:293,33,1,2
BRDA:325,34,0,1
BRDA:325,34,1,1
BRDA:325,35,0,2
BRDA:325,35,1,1
BRDA:336,36,0,1
BRDA:336,36,1,1
BRDA:362,37,0,1
BRDA:362,37,1,1
BRDA:365,38,0,1
BRDA:365,38,1,1
BRDA:375,39,0,0
BRDA:375,39,1,1
BRDA:375,40,0,1
BRDA:375,40,1,0
BRDA:384,41,0,1
BRDA:384,41,1,0
BRF:84
BRH:50
end_of_record
TN:
SF:server/routes/plugins.js
FN:41,(anonymous_0)
FN:70,(anonymous_1)
FN:71,(anonymous_2)
FN:75,(anonymous_3)
FN:76,(anonymous_4)
FN:82,(anonymous_5)
FN:99,(anonymous_6)
FN:161,(anonymous_7)
FN:178,(anonymous_8)
FN:187,(anonymous_9)
FN:195,(anonymous_10)
FN:228,(anonymous_11)
FN:241,(anonymous_12)
FN:250,(anonymous_13)
FN:281,(anonymous_14)
FN:307,(anonymous_15)
FNF:16
FNH:15
FNDA:1,(anonymous_0)
FNDA:1,(anonymous_1)
FNDA:1,(anonymous_2)
FNDA:57,(anonymous_3)
FNDA:57,(anonymous_4)
FNDA:5,(anonymous_5)
FNDA:2,(anonymous_6)
FNDA:4,(anonymous_7)
FNDA:3,(anonymous_8)
FNDA:3,(anonymous_9)
FNDA:0,(anonymous_10)
FNDA:5,(anonymous_11)
FNDA:1,(anonymous_12)
FNDA:1,(anonymous_13)
FNDA:2,(anonymous_14)
FNDA:3,(anonymous_15)
DA:18,15
DA:20,15
DA:23,15
DA:28,15
DA:31,15
DA:41,15
DA:42,1
DA:43,1
DA:44,1
DA:49,1
DA:50,1
DA:55,0
DA:56,0
DA:58,0
DA:59,0
DA:70,15
DA:71,1
DA:72,1
DA:74,1
DA:75,57
DA:76,57
DA:77,1
DA:82,15
DA:83,5
DA:84,5
DA:85,5
DA:86,5
DA:87,1
DA:89,4
DA:91,4
DA:92,3
DA:94,3
DA:95,1
DA:96,1
DA:98,2
DA:99,2
DA:101,2
DA:102,1
DA:104,1
DA:105,1
DA:106,1
DA:107,1
DA:108,1
DA:109,1
DA:110,1
DA:111,1
DA:113,1
DA:114,1
DA:118,1
DA:120,1
DA:121,1
DA:122,1
DA:125,1
DA:127,1
DA:130,3
DA:133,3
DA:134,3
DA:135,3
DA:136,3
DA:137,3
DA:138,3
DA:139,3
DA:143,3
DA:144,3
DA:147,3
DA:148,3
DA:149,3
DA:150,3
DA:152,3
DA:153,3
DA:155,3
DA:156,3
DA:157,3
DA:158,3
DA:159,3
DA:160,3
DA:161,3
DA:162,4
DA:163,4
DA:166,4
DA:171,3
DA:172,3
DA:175,3
DA:176,3
DA:177,3
DA:178,3
DA:179,3
DA:187,3
DA:188,3
DA:190,3
DA:191,3
DA:192,3
DA:195,3
DA:196,0
DA:197,0
DA:198,0
DA:202,0
DA:203,0
DA:206,3
DA:213,1
DA:228,15
DA:229,5
DA:230,5
DA:231,5
DA:232,1
DA:235,4
DA:236,3
DA:237,3
DA:238,1
DA:241,2
DA:242,2
DA:243,1
DA:249,1
DA:250,1
DA:252,1
DA:255,1
DA:256,1
DA:257,1
DA:258,1
DA:259,0
DA:260,0
DA:265,1
DA:266,1
DA:270,1
DA:271,0
DA:272,0
DA:277,1
DA:281,1
DA:282,2
DA:283,2
DA:284,2
DA:285,2
DA:286,2
DA:290,1
DA:292,1
DA:307,15
DA:308,3
DA:309,3
DA:310,2
DA:311,2
DA:312,1
DA:314,1
LF:142
LH:129
BRDA:49,0,0,1
BRDA:49,0,1,0
BRDA:72,1,0,0
BRDA:72,1,1,1
BRDA:86,2,0,1
BRDA:86,2,1,4
BRDA:94,3,0,1
BRDA:94,3,1,2
BRDA:101,4,0,1
BRDA:101,4,1,1
BRDA:107,5,0,1
BRDA:107,5,1,0
BRDA:107,6,0,1
BRDA:107,6,1,0
BRDA:107,6,2,0
BRDA:108,7,0,1
BRDA:108,7,1,0
BRDA:111,8,0,0
BRDA:111,8,1,1
BRDA:113,9,0,1
BRDA:113,9,1,0
BRDA:118,10,0,0
BRDA:118,10,1,1
BRDA:120,11,0,1
BRDA:120,11,1,0
BRDA:120,12,0,1
BRDA:120,12,1,1
BRDA:122,13,0,0
BRDA:122,13,1,1
BRDA:133,14,0,3
BRDA:133,14,1,0
BRDA:133,15,0,3
BRDA:133,15,1,3
BRDA:135,16,0,3
BRDA:135,16,1,0
BRDA:144,17,0,0
BRDA:144,17,1,3
BRDA:150,18,0,3
BRDA:150,18,1,0
BRDA:162,19,0,4
BRDA:162,19,1,0
BRDA:188,20,0,0
BRDA:188,20,1,3
BRDA:231,21,0,1
BRDA:231,21,1,4
BRDA:237,22,0,1
BRDA:237,22,1,2
BRDA:242,23,0,1
BRDA:242,23,1,1
BRDA:255,24,0,1
BRDA:255,24,1,0
BRDA:258,25,0,0
BRDA:258,25,1,1
BRDA:265,26,0,1
BRDA:265,26,1,0
BRDA:270,27,0,0
BRDA:270,27,1,1
BRDA:282,28,0,2
BRDA:282,28,1,0
BRDA:311,29,0,1
BRDA:311,29,1,1
BRF:61
BRH:39
end_of_record
TN:
SF:server/routes/results.js
FN:31,(anonymous_0)
FN:42,(anonymous_1)
FN:67,(anonymous_2)
FN:68,(anonymous_3)
FN:70,(anonymous_4)
FN:93,(anonymous_5)
FN:106,(anonymous_6)
FN:122,(anonymous_7)
FN:123,(anonymous_8)
FN:125,(anonymous_9)
FN:146,(anonymous_10)
FN:150,(anonymous_11)
FN:151,(anonymous_12)
FN:152,(anonymous_13)
FN:172,(anonymous_14)
FN:179,(anonymous_15)
FN:194,(anonymous_16)
FN:210,(anonymous_17)
FN:243,(anonymous_18)
FN:253,(anonymous_19)
FN:289,(anonymous_20)
FN:301,(anonymous_21)
FN:342,(anonymous_22)
FN:346,(anonymous_23)
FN:366,(anonymous_24)
FN:370,(anonymous_25)
FN:386,(anonymous_26)
FN:394,(anonymous_27)
FN:413,(anonymous_28)
FN:440,(anonymous_29)
FN:455,(anonymous_30)
FN:460,(anonymous_31)
FN:474,(anonymous_32)
FN:498,(anonymous_33)
FN:511,(anonymous_34)
FN:519,(anonymous_35)
FNF:36
FNH:33
FNDA:3,(anonymous_0)
FNDA:1,(anonymous_1)
FNDA:1,(anonymous_2)
FNDA:0,(anonymous_3)
FNDA:1,(anonymous_4)
FNDA:4,(anonymous_5)
FNDA:2,(anonymous_6)
FNDA:2,(anonymous_7)
FNDA:0,(anonymous_8)
FNDA:2,(anonymous_9)
FNDA:3,(anonymous_10)
FNDA:1,(anonymous_11)
FNDA:1,(anonymous_12)
FNDA:0,(anonymous_13)
FNDA:4,(anonymous_14)
FNDA:2,(anonymous_15)
FNDA:1,(anonymous_16)
FNDA:1,(anonymous_17)
FNDA:4,(anonymous_18)
FNDA:1,(anonymous_19)
FNDA:4,(anonymous_20)
FNDA:1,(anonymous_21)
FNDA:3,(anonymous_22)
FNDA:2,(anonymous_23)
FNDA:3,(anonymous_24)
FNDA:2,(anonymous_25)
FNDA:1,(anonymous_26)
FNDA:1,(anonymous_27)
FNDA:1,(anonymous_28)
FNDA:4,(anonymous_29)
FNDA:1,(anonymous_30)
FNDA:1,(anonymous_31)
FNDA:1,(anonymous_32)
FNDA:5,(anonymous_33)
FNDA:2,(anonymous_34)
FNDA:3,(anonymous_35)
DA:14,37
DA:31,37
DA:32,3
DA:33,3
DA:34,3
DA:35,1
DA:39,2
DA:41,2
DA:43,1
DA:45,2
DA:46,1
DA:51,1
DA:53,1
DA:62,1
DA:63,1
DA:66,1
DA:67,1
DA:68,0
DA:70,1
DA:72,1
DA:74,0
DA:93,37
DA:94,4
DA:95,4
DA:96,4
DA:97,1
DA:101,3
DA:103,3
DA:105,3
DA:107,2
DA:109,3
DA:110,1
DA:115,2
DA:116,2
DA:117,2
DA:118,2
DA:121,2
DA:122,2
DA:123,0
DA:125,2
DA:127,2
DA:129,0
DA:146,37
DA:147,3
DA:148,3
DA:149,2
DA:150,1
DA:151,1
DA:152,0
DA:153,2
DA:155,1
DA:170,37
DA:173,4
DA:174,4
DA:176,4
DA:178,3
DA:180,2
DA:183,3
DA:187,2
DA:189,2
DA:190,1
DA:193,1
DA:194,1
DA:209,1
DA:210,1
DA:214,1
DA:215,1
DA:218,1
DA:219,1
DA:223,1
DA:225,1
DA:226,1
DA:243,37
DA:244,4
DA:245,4
DA:246,4
DA:247,1
DA:251,3
DA:252,2
DA:254,1
DA:257,2
DA:258,1
DA:263,1
DA:264,1
DA:265,1
DA:267,1
DA:269,1
DA:287,37
DA:290,4
DA:291,4
DA:292,4
DA:293,1
DA:297,3
DA:300,2
DA:302,1
DA:306,2
DA:308,1
DA:309,1
DA:310,1
DA:313,1
DA:325,2
DA:326,2
DA:328,1
DA:342,37
DA:343,3
DA:344,3
DA:345,2
DA:346,2
DA:348,2
DA:350,1
DA:364,37
DA:367,3
DA:368,3
DA:369,3
DA:371,2
DA:375,3
DA:376,1
DA:381,2
DA:384,2
DA:385,2
DA:387,1
DA:392,2
DA:393,2
DA:394,1
DA:396,2
DA:398,2
DA:399,1
DA:405,1
DA:406,1
DA:412,2
DA:414,1
DA:420,2
DA:422,2
DA:424,0
DA:440,37
DA:441,4
DA:442,4
DA:443,4
DA:444,1
DA:446,3
DA:447,1
DA:450,2
DA:451,1
DA:453,1
DA:454,1
DA:455,1
DA:457,1
DA:459,1
DA:460,1
DA:473,1
DA:474,1
DA:476,1
DA:477,1
DA:478,1
DA:481,1
DA:482,1
DA:483,1
DA:484,1
DA:486,1
DA:487,1
DA:498,37
DA:499,5
DA:500,5
DA:501,5
DA:502,1
DA:507,4
DA:508,3
DA:510,3
DA:511,2
DA:513,3
DA:514,1
DA:518,2
DA:519,3
DA:521,2
DA:522,1
DA:527,1
DA:529,1
DA:530,1
DA:531,1
DA:535,1
DA:536,1
DA:538,1
LF:182
LH:176
BRDA:34,0,0,1
BRDA:34,0,1,2
BRDA:43,1,0,1
BRDA:43,1,1,1
BRDA:45,2,0,1
BRDA:45,2,1,1
BRDA:60,3,0,1
BRDA:60,3,1,0
BRDA:96,4,0,1
BRDA:96,4,1,3
BRDA:96,5,0,4
BRDA:96,5,1,3
BRDA:101,6,0,1
BRDA:101,6,1,2
BRDA:107,7,0,2
BRDA:107,7,1,2
BRDA:109,8,0,1
BRDA:109,8,1,2
BRDA:180,9,0,2
BRDA:180,9,1,2
BRDA:183,10,0,1
BRDA:183,10,1,2
BRDA:189,11,0,1
BRDA:189,11,1,1
BRDA:193,12,0,1
BRDA:193,12,1,0
BRDA:197,13,0,1
BRDA:197,13,1,0
BRDA:198,14,0,1
BRDA:198,14,1,1
BRDA:199,15,0,1
BRDA:199,15,1,0
BRDA:200,16,0,1
BRDA:200,16,1,1
BRDA:201,17,0,1
BRDA:201,17,1,1
BRDA:202,18,0,1
BRDA:202,18,1,1
BRDA:204,19,0,1
BRDA:204,19,1,0
BRDA:205,20,0,1
BRDA:205,20,1,0
BRDA:246,21,0,1
BRDA:246,21,1,3
BRDA:254,22,0,1
BRDA:254,22,1,1
BRDA:257,23,0,1
BRDA:257,23,1,1
BRDA:292,24,0,1
BRDA:292,24,1,3
BRDA:302,25,0,1
BRDA:302,25,1,1
BRDA:306,26,0,1
BRDA:306,26,1,1
BRDA:308,27,0,0
BRDA:308,27,1,1
BRDA:309,28,0,1
BRDA:309,28,1,0
BRDA:318,29,0,1
BRDA:318,29,1,0
BRDA:320,30,0,1
BRDA:320,30,1,0
BRDA:371,31,0,2
BRDA:371,31,1,2
BRDA:375,32,0,1
BRDA:375,32,1,2
BRDA:387,33,0,1
BRDA:387,33,1,1
BRDA:396,34,0,1
BRDA:396,34,1,1
BRDA:406,35,0,0
BRDA:406,35,1,1
BRDA:415,36,0,1
BRDA:415,36,1,1
BRDA:443,37,0,1
BRDA:443,37,1,3
BRDA:443,38,0,4
BRDA:443,38,1,3
BRDA:443,38,2,3
BRDA:446,39,0,1
BRDA:446,39,1,2
BRDA:455,40,0,1
BRDA:455,40,1,1
BRDA:457,41,0,0
BRDA:457,41,1,1
BRDA:457,42,0,1
BRDA:457,42,1,1
BRDA:457,42,2,1
BRDA:459,43,0,1
BRDA:459,43,1,0
BRDA:462,44,0,1
BRDA:462,44,1,1
BRDA:463,45,0,1
BRDA:463,45,1,1
BRDA:464,46,0,1
BRDA:464,46,1,1
BRDA:465,47,0,1
BRDA:465,47,1,1
BRDA:466,48,0,1
BRDA:466,48,1,1
BRDA:467,49,0,1
BRDA:467,49,1,1
BRDA:469,50,0,1
BRDA:469,50,1,0
BRDA:470,51,0,1
BRDA:470,51,1,0
BRDA:501,52,0,1
BRDA:501,52,1,4
BRDA:501,53,0,5
BRDA:501,53,1,4
BRDA:511,54,0,2
BRDA:511,54,1,2
BRDA:513,55,0,1
BRDA:513,55,1,2
BRDA:519,56,0,3
BRDA:519,56,1,3
BRDA:521,57,0,1
BRDA:521,57,1,1
BRDA:530,58,0,1
BRDA:530,58,1,0
BRDA:530,59,0,1
BRDA:530,59,1,1
BRF:122
BRH:106
end_of_record
TN:
SF:server/routes/tunnel.js
FN:23,getCloudflaredPath
FN:69,getTunnelSettings
FN:72,(anonymous_2)
FN:85,(anonymous_3)
FN:104,(anonymous_4)
FN:110,(anonymous_5)
FN:134,(anonymous_6)
FN:156,(anonymous_7)
FN:157,(anonymous_8)
FN:158,(anonymous_9)
FN:181,(anonymous_10)
FN:196,(anonymous_11)
FN:205,persistTunnelUrl
FN:211,(anonymous_13)
FN:223,tryCreateTunnel
FN:240,cleanup
FN:244,respondWithUrl
FN:252,handleTunnelOutput
FN:277,(anonymous_18)
FN:285,(anonymous_19)
FN:312,(anonymous_20)
FN:329,(anonymous_21)
FNF:22
FNH:7
FNDA:0,getCloudflaredPath
FNDA:4,getTunnelSettings
FNDA:2,(anonymous_2)
FNDA:4,(anonymous_3)
FNDA:3,(anonymous_4)
FNDA:2,(anonymous_5)
FNDA:9,(anonymous_6)
FNDA:0,(anonymous_7)
FNDA:0,(anonymous_8)
FNDA:0,(anonymous_9)
FNDA:0,(anonymous_10)
FNDA:0,(anonymous_11)
FNDA:0,persistTunnelUrl
FNDA:0,(anonymous_13)
FNDA:0,tryCreateTunnel
FNDA:0,cleanup
FNDA:0,respondWithUrl
FNDA:0,handleTunnelOutput
FNDA:0,(anonymous_18)
FNDA:0,(anonymous_19)
FNDA:2,(anonymous_20)
FNDA:0,(anonymous_21)
DA:15,9
DA:24,0
DA:25,0
DA:28,0
DA:29,0
DA:32,0
DA:33,0
DA:37,0
DA:38,0
DA:42,0
DA:43,0
DA:46,0
DA:49,0
DA:50,0
DA:51,0
DA:57,0
DA:60,9
DA:70,4
DA:71,4
DA:72,4
DA:73,4
DA:74,2
DA:78,2
DA:85,9
DA:86,4
DA:87,4
DA:88,4
DA:89,2
DA:92,2
DA:94,0
DA:104,9
DA:105,3
DA:106,3
DA:107,3
DA:108,3
DA:109,3
DA:110,2
DA:112,3
DA:113,1
DA:116,2
DA:120,2
DA:124,2
DA:125,2
DA:126,2
DA:128,0
DA:134,9
DA:135,9
DA:136,9
DA:137,9
DA:138,9
DA:139,0
DA:140,0
DA:142,0
DA:143,0
DA:144,0
DA:147,0
DA:148,0
DA:156,0
DA:157,0
DA:158,0
DA:159,0
DA:161,0
DA:162,0
DA:164,9
DA:166,0
DA:181,9
DA:182,0
DA:185,0
DA:186,0
DA:187,0
DA:190,0
DA:195,0
DA:196,0
DA:197,0
DA:200,0
DA:201,0
DA:202,0
DA:203,0
DA:206,0
DA:207,0
DA:208,0
DA:209,0
DA:210,0
DA:211,0
DA:213,0
DA:214,0
DA:215,0
DA:216,0
DA:219,0
DA:224,0
DA:225,0
DA:226,0
DA:232,0
DA:233,0
DA:235,0
DA:237,0
DA:238,0
DA:241,0
DA:245,0
DA:246,0
DA:247,0
DA:248,0
DA:249,0
DA:253,0
DA:254,0
DA:256,0
DA:258,0
DA:263,0
DA:267,0
DA:268,0
DA:269,0
DA:274,0
DA:275,0
DA:277,0
DA:278,0
DA:279,0
DA:280,0
DA:281,0
DA:285,0
DA:286,0
DA:287,0
DA:288,0
DA:289,0
DA:291,0
DA:292,0
DA:301,0
DA:312,9
DA:313,2
DA:314,2
DA:315,2
DA:320,0
DA:321,0
DA:324,0
DA:325,0
DA:326,0
DA:327,0
DA:328,0
DA:329,0
DA:331,0
DA:332,0
DA:333,0
DA:334,0
DA:337,0
DA:340,0
LF:144
LH:39
BRDA:25,0,0,0
BRDA:25,0,1,0
BRDA:32,1,0,0
BRDA:32,1,1,0
BRDA:34,2,0,0
BRDA:34,2,1,0
BRDA:37,3,0,0
BRDA:37,3,1,0
BRDA:39,4,0,0
BRDA:39,4,1,0
BRDA:42,5,0,0
BRDA:42,5,1,0
BRDA:44,6,0,0
BRDA:44,6,1,0
BRDA:50,7,0,0
BRDA:50,7,1,0
BRDA:73,8,0,2
BRDA:73,8,1,2
BRDA:88,9,0,2
BRDA:88,9,1,2
BRDA:105,10,0,0
BRDA:105,11,0,2
BRDA:105,12,0,3
BRDA:105,12,1,0
BRDA:112,13,0,1
BRDA:112,13,1,2
BRDA:140,14,0,0
BRDA:140,14,1,0
BRDA:140,15,0,0
BRDA:140,15,1,0
BRDA:142,16,0,0
BRDA:142,16,1,0
BRDA:143,17,0,0
BRDA:143,17,1,0
BRDA:182,18,0,0
BRDA:182,18,1,0
BRDA:190,19,0,0
BRDA:190,19,1,0
BRDA:195,20,0,0
BRDA:195,20,1,0
BRDA:195,21,0,0
BRDA:195,21,1,0
BRDA:197,22,0,0
BRDA:197,22,1,0
BRDA:200,23,0,0
BRDA:200,23,1,0
BRDA:201,24,0,0
BRDA:201,24,1,0
BRDA:206,25,0,0
BRDA:206,25,1,0
BRDA:213,26,0,0
BRDA:213,26,1,0
BRDA:232,27,0,0
BRDA:232,27,1,0
BRDA:241,28,0,0
BRDA:241,28,1,0
BRDA:253,29,0,0
BRDA:253,29,1,0
BRDA:256,30,0,0
BRDA:256,30,1,0
BRDA:258,31,0,0
BRDA:258,31,1,0
BRDA:268,32,0,0
BRDA:268,32,1,0
BRDA:268,33,0,0
BRDA:268,33,1,0
BRDA:278,34,0,0
BRDA:278,34,1,0
BRDA:286,35,0,0
BRDA:286,35,1,0
BRDA:288,36,0,0
BRDA:288,36,1,0
BRDA:313,37,0,2
BRDA:313,37,1,0
BRDA:314,38,0,2
BRDA:314,38,1,0
BRDA:324,39,0,0
BRDA:324,39,1,0
BRDA:331,40,0,0
BRDA:331,40,1,0
BRF:80
BRH:10
end_of_record
TN:
SF:server/routes/timeline/index.js
FN:27,(anonymous_0)
FN:33,(anonymous_1)
FN:42,(anonymous_2)
FN:46,(anonymous_3)
FN:67,(anonymous_4)
FN:75,(anonymous_5)
FN:104,(anonymous_6)
FN:110,(anonymous_7)
FN:118,(anonymous_8)
FN:121,(anonymous_9)
FN:123,(anonymous_10)
FN:124,(anonymous_11)
FN:149,(anonymous_12)
FN:156,(anonymous_13)
FN:164,(anonymous_14)
FN:169,(anonymous_15)
FN:171,(anonymous_16)
FN:175,(anonymous_17)
FN:231,(anonymous_18)
FN:246,(anonymous_19)
FN:254,(anonymous_20)
FN:259,(anonymous_21)
FN:261,(anonymous_22)
FN:265,(anonymous_23)
FNF:24
FNH:24
FNDA:4,(anonymous_0)
FNDA:2,(anonymous_1)
FNDA:2,(anonymous_2)
FNDA:2,(anonymous_3)
FNDA:3,(anonymous_4)
FNDA:2,(anonymous_5)
FNDA:4,(anonymous_6)
FNDA:2,(anonymous_7)
FNDA:4,(anonymous_8)
FNDA:2,(anonymous_9)
FNDA:3,(anonymous_10)
FNDA:4,(anonymous_11)
FNDA:10,(anonymous_12)
FNDA:8,(anonymous_13)
FNDA:11,(anonymous_14)
FNDA:15,(anonymous_15)
FNDA:4,(anonymous_16)
FNDA:13,(anonymous_17)
FNDA:13,(anonymous_18)
FNDA:10,(anonymous_19)
FNDA:11,(anonymous_20)
FNDA:9,(anonymous_21)
FNDA:3,(anonymous_22)
FNDA:11,(anonymous_23)
DA:15,92
DA:16,92
DA:17,92
DA:27,92
DA:28,4
DA:29,4
DA:30,3
DA:32,3
DA:33,2
DA:36,3
DA:37,1
DA:41,2
DA:42,2
DA:45,2
DA:46,2
DA:49,2
DA:51,2
DA:53,1
DA:67,92
DA:68,3
DA:69,3
DA:70,3
DA:72,3
DA:74,3
DA:75,2
DA:78,3
DA:79,1
DA:85,2
DA:86,2
DA:88,2
DA:90,1
DA:92,1
DA:104,92
DA:105,4
DA:106,4
DA:107,3
DA:109,3
DA:110,2
DA:113,3
DA:114,1
DA:118,4
DA:121,2
DA:122,2
DA:124,4
DA:125,3
DA:130,2
DA:132,2
DA:134,1
DA:149,92
DA:150,10
DA:151,10
DA:152,9
DA:153,9
DA:155,9
DA:156,8
DA:159,9
DA:160,1
DA:164,8
DA:166,11
DA:168,11
DA:169,15
DA:171,4
DA:175,8
DA:177,13
DA:178,1
DA:180,12
DA:183,12
DA:184,1
DA:188,11
DA:189,11
DA:190,1
DA:194,10
DA:199,4
DA:203,6
DA:204,5
DA:205,2
DA:209,4
DA:212,8
DA:213,8
DA:215,1
DA:231,92
DA:232,13
DA:233,13
DA:234,12
DA:235,12
DA:238,12
DA:239,1
DA:245,11
DA:246,10
DA:249,11
DA:250,1
DA:254,10
DA:256,11
DA:258,11
DA:259,9
DA:261,3
DA:265,10
DA:266,11
DA:267,0
DA:269,11
DA:271,11
DA:272,0
DA:275,11
DA:276,11
DA:277,2
DA:280,9
DA:285,4
DA:288,5
DA:289,1
DA:290,0
DA:294,5
DA:298,10
DA:299,4
DA:306,6
DA:308,1
LF:115
LH:112
BRDA:36,0,0,1
BRDA:36,0,1,2
BRDA:78,1,0,1
BRDA:78,1,1,2
BRDA:113,2,0,1
BRDA:113,2,1,2
BRDA:125,3,0,2
BRDA:125,3,1,1
BRDA:159,4,0,1
BRDA:159,4,1,8
BRDA:166,5,0,5
BRDA:166,5,1,6
BRDA:166,6,0,11
BRDA:166,6,1,8
BRDA:168,7,0,8
BRDA:168,7,1,3
BRDA:175,8,0,8
BRDA:177,9,0,1
BRDA:177,9,1,12
BRDA:183,10,0,1
BRDA:183,10,1,11
BRDA:189,11,0,1
BRDA:189,11,1,10
BRDA:189,12,0,11
BRDA:189,12,1,11
BRDA:194,13,0,4
BRDA:194,13,1,6
BRDA:195,14,0,10
BRDA:195,14,1,10
BRDA:195,14,2,6
BRDA:204,15,0,2
BRDA:204,15,1,3
BRDA:238,16,0,1
BRDA:238,16,1,11
BRDA:249,17,0,1
BRDA:249,17,1,10
BRDA:256,18,0,8
BRDA:256,18,1,3
BRDA:256,19,0,11
BRDA:256,19,1,10
BRDA:258,20,0,9
BRDA:258,20,1,2
BRDA:265,21,0,10
BRDA:266,22,0,0
BRDA:266,22,1,11
BRDA:271,23,0,0
BRDA:271,23,1,11
BRDA:276,24,0,2
BRDA:276,24,1,9
BRDA:276,25,0,11
BRDA:276,25,1,10
BRDA:280,26,0,4
BRDA:280,26,1,5
BRDA:281,27,0,9
BRDA:281,27,1,8
BRDA:281,27,2,5
BRDA:289,28,0,0
BRDA:289,28,1,1
BRDA:298,29,0,4
BRDA:298,29,1,6
BRF:60
BRH:57
end_of_record
TN:
SF:server/routes/timeline/loops.js
FN:21,(anonymous_0)
FN:40,(anonymous_1)
FN:63,(anonymous_2)
FN:79,(anonymous_3)
FN:86,(anonymous_4)
FN:92,(anonymous_5)
FN:103,(anonymous_6)
FN:105,(anonymous_7)
FN:111,(anonymous_8)
FN:123,(anonymous_9)
FN:125,(anonymous_10)
FN:130,(anonymous_11)
FN:160,(anonymous_12)
FN:167,(anonymous_13)
FN:174,(anonymous_14)
FN:181,(anonymous_15)
FN:196,(anonymous_16)
FN:198,(anonymous_17)
FN:201,(anonymous_18)
FN:205,(anonymous_19)
FN:220,(anonymous_20)
FN:222,(anonymous_21)
FN:233,(anonymous_22)
FN:266,(anonymous_23)
FN:273,(anonymous_24)
FN:282,(anonymous_25)
FN:290,(anonymous_26)
FN:291,(anonymous_27)
FN:319,(anonymous_28)
FN:327,(anonymous_29)
FN:336,(anonymous_30)
FN:357,(anonymous_31)
FN:373,(anonymous_32)
FN:401,(anonymous_33)
FN:408,(anonymous_34)
FN:418,(anonymous_35)
FN:426,(anonymous_36)
FN:440,(anonymous_37)
FN:443,(anonymous_38)
FN:449,(anonymous_39)
FN:452,(anonymous_40)
FN:459,(anonymous_41)
FN:461,(anonymous_42)
FN:465,(anonymous_43)
FN:467,(anonymous_44)
FN:476,(anonymous_45)
FN:481,(anonymous_46)
FN:482,(anonymous_47)
FN:487,(anonymous_48)
FN:507,(anonymous_49)
FN:511,(anonymous_50)
FN:519,(anonymous_51)
FN:523,(anonymous_52)
FN:535,(anonymous_53)
FN:539,(anonymous_54)
FN:548,(anonymous_55)
FN:562,(anonymous_56)
FN:586,(anonymous_57)
FN:588,(anonymous_58)
FN:593,(anonymous_59)
FNF:60
FNH:54
FNDA:5,(anonymous_0)
FNDA:3,(anonymous_1)
FNDA:6,(anonymous_2)
FNDA:7,(anonymous_3)
FNDA:1,(anonymous_4)
FNDA:1,(anonymous_5)
FNDA:6,(anonymous_6)
FNDA:1,(anonymous_7)
FNDA:1,(anonymous_8)
FNDA:7,(anonymous_9)
FNDA:3,(anonymous_10)
FNDA:6,(anonymous_11)
FNDA:5,(anonymous_12)
FNDA:3,(anonymous_13)
FNDA:2,(anonymous_14)
FNDA:2,(anonymous_15)
FNDA:3,(anonymous_16)
FNDA:1,(anonymous_17)
FNDA:6,(anonymous_18)
FNDA:1,(anonymous_19)
FNDA:4,(anonymous_20)
FNDA:3,(anonymous_21)
FNDA:4,(anonymous_22)
FNDA:4,(anonymous_23)
FNDA:2,(anonymous_24)
FNDA:1,(anonymous_25)
FNDA:2,(anonymous_26)
FNDA:3,(anonymous_27)
FNDA:7,(anonymous_28)
FNDA:6,(anonymous_29)
FNDA:5,(anonymous_30)
FNDA:6,(anonymous_31)
FNDA:3,(anonymous_32)
FNDA:6,(anonymous_33)
FNDA:5,(anonymous_34)
FNDA:4,(anonymous_35)
FNDA:5,(anonymous_36)
FNDA:4,(anonymous_37)
FNDA:1,(anonymous_38)
FNDA:2,(anonymous_39)
FNDA:0,(anonymous_40)
FNDA:1,(anonymous_41)
FNDA:1,(anonymous_42)
FNDA:2,(anonymous_43)
FNDA:0,(anonymous_44)
FNDA:1,(anonymous_45)
FNDA:3,(anonymous_46)
FNDA:2,(anonymous_47)
FNDA:0,(anonymous_48)
FNDA:2,(anonymous_49)
FNDA:1,(anonymous_50)
FNDA:1,(anonymous_51)
FNDA:0,(anonymous_52)
FNDA:4,(anonymous_53)
FNDA:5,(anonymous_54)
FNDA:5,(anonymous_55)
FNDA:0,(anonymous_56)
FNDA:4,(anonymous_57)
FNDA:6,(anonymous_58)
FNDA:0,(anonymous_59)
DA:4,92
DA:21,92
DA:22,5
DA:23,5
DA:24,5
DA:27,5
DA:28,5
DA:36,5
DA:39,5
DA:40,3
DA:43,5
DA:44,2
DA:52,2
DA:56,5
DA:60,5
DA:62,5
DA:63,6
DA:67,5
DA:79,5
DA:81,7
DA:82,4
DA:85,3
DA:86,1
DA:87,1
DA:89,1
DA:91,1
DA:92,1
DA:95,1
DA:96,1
DA:98,1
DA:103,5
DA:104,6
DA:105,1
DA:106,1
DA:108,1
DA:110,1
DA:111,1
DA:114,1
DA:115,1
DA:117,1
DA:123,5
DA:124,7
DA:125,3
DA:126,2
DA:127,2
DA:129,5
DA:130,6
DA:131,5
DA:132,5
DA:137,5
DA:139,5
DA:141,4
DA:143,1
DA:158,92
DA:161,5
DA:162,5
DA:164,5
DA:166,4
DA:167,3
DA:170,4
DA:171,1
DA:174,3
DA:176,3
DA:177,1
DA:181,2
DA:182,2
DA:183,2
DA:185,2
DA:186,4
DA:189,4
DA:191,4
DA:193,4
DA:196,4
DA:197,4
DA:198,2
DA:201,6
DA:202,4
DA:203,1
DA:204,1
DA:205,1
DA:212,2
DA:216,2
DA:219,2
DA:222,4
DA:223,4
DA:224,2
DA:233,4
DA:234,2
DA:235,1
DA:244,1
DA:248,2
DA:252,1
DA:266,92
DA:267,4
DA:268,4
DA:270,4
DA:272,3
DA:273,2
DA:276,3
DA:277,1
DA:282,2
DA:284,2
DA:285,1
DA:289,1
DA:291,3
DA:292,2
DA:296,1
DA:304,1
DA:319,92
DA:320,7
DA:321,7
DA:322,7
DA:324,7
DA:326,7
DA:327,6
DA:330,7
DA:331,1
DA:336,6
DA:338,6
DA:339,1
DA:343,5
DA:351,5
DA:356,5
DA:357,6
DA:359,5
DA:360,4
DA:361,3
DA:363,4
DA:364,1
DA:366,4
DA:368,1
DA:371,1
DA:372,1
DA:374,3
DA:380,5
DA:382,5
DA:384,4
DA:386,1
DA:401,92
DA:402,6
DA:403,6
DA:405,6
DA:407,6
DA:408,5
DA:411,6
DA:412,1
DA:418,5
DA:420,5
DA:421,1
DA:425,4
DA:426,5
DA:435,4
DA:436,4
DA:439,4
DA:440,2
DA:441,4
DA:443,1
DA:444,1
DA:449,2
DA:450,2
DA:452,0
DA:453,0
DA:459,2
DA:460,1
DA:461,1
DA:465,2
DA:466,2
DA:467,0
DA:474,4
DA:476,1
DA:477,1
DA:479,1
DA:481,3
DA:482,2
DA:484,2
DA:487,2
DA:488,0
DA:492,2
DA:493,2
DA:497,1
DA:500,1
DA:504,1
DA:505,1
DA:507,2
DA:508,1
DA:510,1
DA:511,1
DA:512,1
DA:513,1
DA:516,1
DA:519,1
DA:520,1
DA:522,0
DA:523,0
DA:524,0
DA:525,0
DA:528,0
DA:535,4
DA:538,4
DA:539,5
DA:544,4
DA:545,4
DA:548,4
DA:549,5
DA:551,3
DA:552,3
DA:562,4
DA:563,0
DA:566,0
DA:567,0
DA:580,4
DA:581,2
DA:586,4
DA:587,4
DA:588,6
DA:589,4
DA:590,4
DA:592,0
DA:593,0
DA:594,0
DA:595,0
DA:600,4
DA:602,4
DA:604,3
DA:606,1
LF:225
LH:209
BRDA:31,0,0,5
BRDA:31,0,1,0
BRDA:43,1,0,2
BRDA:43,1,1,3
BRDA:60,2,0,5
BRDA:60,2,1,0
BRDA:63,3,0,6
BRDA:63,3,1,6
BRDA:71,4,0,5
BRDA:71,4,1,5
BRDA:72,5,0,5
BRDA:72,5,1,0
BRDA:81,6,0,4
BRDA:81,6,1,3
BRDA:85,7,0,1
BRDA:85,7,1,2
BRDA:85,8,0,3
BRDA:85,8,1,3
BRDA:89,9,0,1
BRDA:89,9,1,0
BRDA:95,10,0,1
BRDA:95,10,1,0
BRDA:104,11,0,1
BRDA:104,11,1,5
BRDA:104,12,0,6
BRDA:104,12,1,1
BRDA:104,12,2,1
BRDA:108,13,0,1
BRDA:108,13,1,0
BRDA:114,14,0,1
BRDA:114,14,1,0
BRDA:124,15,0,2
BRDA:124,15,1,5
BRDA:126,16,0,2
BRDA:126,16,1,0
BRDA:127,17,0,2
BRDA:127,17,1,0
BRDA:129,18,0,5
BRDA:129,18,1,0
BRDA:131,19,0,5
BRDA:131,19,1,0
BRDA:132,20,0,5
BRDA:132,20,1,5
BRDA:170,21,0,1
BRDA:170,21,1,3
BRDA:176,22,0,1
BRDA:176,22,1,2
BRDA:189,23,0,0
BRDA:189,23,1,4
BRDA:191,24,0,0
BRDA:191,24,1,4
BRDA:197,25,0,2
BRDA:197,25,1,2
BRDA:197,26,0,4
BRDA:197,26,1,2
BRDA:202,27,0,1
BRDA:202,27,1,3
BRDA:203,28,0,1
BRDA:203,28,1,0
BRDA:216,29,0,2
BRDA:216,29,1,0
BRDA:223,30,0,2
BRDA:223,30,1,2
BRDA:228,31,0,2
BRDA:228,31,1,0
BRDA:234,32,0,1
BRDA:234,32,1,1
BRDA:239,33,0,1
BRDA:239,33,1,0
BRDA:240,34,0,1
BRDA:240,34,1,0
BRDA:276,35,0,1
BRDA:276,35,1,2
BRDA:284,36,0,1
BRDA:284,36,1,1
BRDA:292,37,0,2
BRDA:292,37,1,0
BRDA:330,38,0,1
BRDA:330,38,1,6
BRDA:338,39,0,1
BRDA:338,39,1,5
BRDA:351,40,0,5
BRDA:351,40,1,0
BRDA:352,41,0,5
BRDA:352,41,1,1
BRDA:352,41,2,1
BRDA:357,42,0,6
BRDA:357,42,1,4
BRDA:359,43,0,4
BRDA:359,43,1,1
BRDA:360,44,0,3
BRDA:360,44,1,1
BRDA:363,45,0,1
BRDA:363,45,1,3
BRDA:366,46,0,1
BRDA:366,46,1,3
BRDA:374,47,0,3
BRDA:374,47,1,2
BRDA:411,48,0,1
BRDA:411,48,1,5
BRDA:420,49,0,1
BRDA:420,49,1,4
BRDA:426,50,0,5
BRDA:426,50,1,4
BRDA:435,51,0,4
BRDA:435,51,1,2
BRDA:436,52,0,4
BRDA:436,52,1,0
BRDA:439,53,0,2
BRDA:439,53,1,2
BRDA:441,54,0,1
BRDA:441,54,1,3
BRDA:441,55,0,4
BRDA:441,55,1,4
BRDA:444,56,0,1
BRDA:444,56,1,0
BRDA:450,57,0,0
BRDA:450,57,1,2
BRDA:450,58,0,2
BRDA:450,58,1,2
BRDA:453,59,0,0
BRDA:453,59,1,0
BRDA:460,60,0,1
BRDA:460,60,1,0
BRDA:460,61,0,1
BRDA:460,61,1,1
BRDA:466,62,0,0
BRDA:466,62,1,2
BRDA:466,63,0,2
BRDA:466,63,1,2
BRDA:474,64,0,1
BRDA:474,64,1,3
BRDA:474,65,0,4
BRDA:474,65,1,1
BRDA:484,66,0,2
BRDA:484,66,1,0
BRDA:484,66,2,0
BRDA:492,67,0,2
BRDA:492,67,1,0
BRDA:497,68,0,1
BRDA:497,68,1,0
BRDA:504,69,0,1
BRDA:504,69,1,0
BRDA:508,70,0,1
BRDA:508,70,1,0
BRDA:510,71,0,1
BRDA:510,71,1,0
BRDA:512,72,0,1
BRDA:512,72,1,0
BRDA:520,73,0,0
BRDA:520,73,1,1
BRDA:522,74,0,0
BRDA:522,74,1,0
BRDA:524,75,0,0
BRDA:524,75,1,0
BRDA:539,76,0,5
BRDA:539,76,1,4
BRDA:544,77,0,4
BRDA:544,77,1,0
BRDA:549,78,0,3
BRDA:549,78,1,2
BRDA:556,79,0,3
BRDA:556,79,1,0
BRDA:563,80,0,0
BRDA:563,80,1,0
BRDA:571,81,0,0
BRDA:571,81,1,0
BRDA:572,82,0,0
BRDA:572,82,1,0
BRDA:580,83,0,2
BRDA:580,83,1,2
BRDA:587,84,0,4
BRDA:587,84,1,0
BRDA:589,85,0,4
BRDA:589,85,1,0
BRDA:590,86,0,4
BRDA:590,86,1,0
BRDA:592,87,0,0
BRDA:592,87,1,0
BRDA:594,88,0,0
BRDA:594,88,1,0
BRDA:595,89,0,0
BRDA:595,89,1,0
BRF:183
BRH:126
end_of_record
TN:
SF:server/routes/timeline/trials.js
FN:20,(anonymous_0)
FN:27,(anonymous_1)
FN:35,(anonymous_2)
FN:37,(anonymous_3)
FN:45,(anonymous_4)
FN:74,(anonymous_5)
FN:80,(anonymous_6)
FN:90,(anonymous_7)
FN:125,(anonymous_8)
FN:143,(anonymous_9)
FN:191,(anonymous_10)
FN:199,(anonymous_11)
FN:208,(anonymous_12)
FN:231,(anonymous_13)
FN:240,(anonymous_14)
FN:249,(anonymous_15)
FN:266,(anonymous_16)
FN:298,(anonymous_17)
FN:306,(anonymous_18)
FN:317,(anonymous_19)
FN:324,(anonymous_20)
FN:328,(anonymous_21)
FN:331,(anonymous_22)
FN:340,(anonymous_23)
FN:344,(anonymous_24)
FN:347,(anonymous_25)
FN:358,(anonymous_26)
FN:362,(anonymous_27)
FN:366,(anonymous_28)
FN:368,(anonymous_29)
FN:372,(anonymous_30)
FN:374,(anonymous_31)
FN:380,(anonymous_32)
FN:407,(anonymous_33)
FN:415,(anonymous_34)
FNF:35
FNH:35
FNDA:5,(anonymous_0)
FNDA:3,(anonymous_1)
FNDA:3,(anonymous_2)
FNDA:2,(anonymous_3)
FNDA:1,(anonymous_4)
FNDA:4,(anonymous_5)
FNDA:2,(anonymous_6)
FNDA:4,(anonymous_7)
FNDA:10,(anonymous_8)
FNDA:2,(anonymous_9)
FNDA:4,(anonymous_10)
FNDA:2,(anonymous_11)
FNDA:2,(anonymous_12)
FNDA:6,(anonymous_13)
FNDA:4,(anonymous_14)
FNDA:3,(anonymous_15)
FNDA:1,(anonymous_16)
FNDA:7,(anonymous_17)
FNDA:5,(anonymous_18)
FNDA:7,(anonymous_19)
FNDA:10,(anonymous_20)
FNDA:1,(anonymous_21)
FNDA:1,(anonymous_22)
FNDA:3,(anonymous_23)
FNDA:2,(anonymous_24)
FNDA:1,(anonymous_25)
FNDA:10,(anonymous_26)
FNDA:10,(anonymous_27)
FNDA:3,(anonymous_28)
FNDA:1,(anonymous_29)
FNDA:6,(anonymous_30)
FNDA:6,(anonymous_31)
FNDA:1,(anonymous_32)
FNDA:3,(anonymous_33)
FNDA:2,(anonymous_34)
DA:4,92
DA:20,92
DA:21,5
DA:22,5
DA:23,4
DA:26,4
DA:27,3
DA:30,4
DA:31,1
DA:35,3
DA:36,3
DA:37,2
DA:38,2
DA:45,1
DA:46,1
DA:57,3
DA:61,1
DA:74,92
DA:75,4
DA:76,4
DA:77,3
DA:79,3
DA:80,2
DA:83,3
DA:84,1
DA:88,2
DA:90,2
DA:92,4
DA:96,3
DA:100,2
DA:102,2
DA:104,1
DA:125,92
DA:126,10
DA:127,10
DA:128,10
DA:131,10
DA:132,10
DA:139,10
DA:142,10
DA:143,2
DA:146,10
DA:147,8
DA:155,8
DA:159,10
DA:163,10
DA:164,9
DA:172,10
DA:174,10
DA:176,9
DA:178,1
DA:191,92
DA:192,4
DA:193,4
DA:194,4
DA:196,4
DA:198,3
DA:199,2
DA:202,3
DA:203,1
DA:208,2
DA:210,2
DA:211,1
DA:214,1
DA:216,1
DA:231,92
DA:232,6
DA:233,6
DA:234,6
DA:235,6
DA:237,6
DA:239,5
DA:240,4
DA:243,5
DA:244,1
DA:249,4
DA:251,4
DA:252,1
DA:256,3
DA:264,3
DA:265,2
DA:266,1
DA:268,2
DA:269,1
DA:270,1
DA:272,1
DA:273,1
DA:278,3
DA:280,3
DA:282,3
DA:284,1
DA:298,92
DA:299,7
DA:300,7
DA:301,7
DA:303,7
DA:305,6
DA:306,5
DA:309,6
DA:310,1
DA:317,7
DA:318,5
DA:324,5
DA:325,10
DA:327,1
DA:328,1
DA:331,1
DA:332,1
DA:333,1
DA:336,1
DA:340,5
DA:341,3
DA:343,2
DA:344,2
DA:347,2
DA:348,1
DA:349,1
DA:352,2
DA:358,10
DA:361,5
DA:362,10
DA:366,5
DA:368,1
DA:372,5
DA:373,6
DA:374,6
DA:375,4
DA:379,2
DA:380,1
DA:381,1
DA:387,1
DA:390,5
DA:392,5
DA:394,5
DA:396,1
DA:407,92
DA:408,3
DA:409,3
DA:411,3
DA:414,3
DA:415,2
DA:418,3
DA:420,2
DA:422,1
LF:144
LH:144
BRDA:30,0,0,1
BRDA:30,0,1,3
BRDA:36,1,0,2
BRDA:36,1,1,1
BRDA:42,2,0,2
BRDA:42,2,1,1
BRDA:50,3,0,1
BRDA:50,3,1,0
BRDA:51,4,0,1
BRDA:51,4,1,0
BRDA:83,5,0,1
BRDA:83,5,1,2
BRDA:92,6,0,3
BRDA:92,6,1,1
BRDA:93,7,0,4
BRDA:93,7,1,3
BRDA:146,8,0,8
BRDA:146,8,1,2
BRDA:163,9,0,9
BRDA:163,9,1,1
BRDA:168,10,0,9
BRDA:168,10,1,9
BRDA:202,11,0,1
BRDA:202,11,1,2
BRDA:210,12,0,1
BRDA:210,12,1,1
BRDA:243,13,0,1
BRDA:243,13,1,4
BRDA:251,14,0,1
BRDA:251,14,1,3
BRDA:264,15,0,2
BRDA:264,15,1,1
BRDA:264,16,0,3
BRDA:264,16,1,1
BRDA:266,17,0,1
BRDA:266,17,1,1
BRDA:268,18,0,1
BRDA:268,18,1,1
BRDA:269,19,0,1
BRDA:269,19,1,0
BRDA:272,20,0,1
BRDA:272,20,1,0
BRDA:309,21,0,1
BRDA:309,21,1,5
BRDA:318,22,0,5
BRDA:318,22,1,0
BRDA:325,23,0,1
BRDA:325,23,1,9
BRDA:325,24,0,10
BRDA:325,24,1,10
BRDA:332,25,0,1
BRDA:332,25,1,0
BRDA:341,26,0,2
BRDA:341,26,1,1
BRDA:341,27,0,3
BRDA:341,27,1,3
BRDA:348,28,0,1
BRDA:348,28,1,0
BRDA:362,29,0,10
BRDA:362,29,1,4
BRDA:368,30,0,3
BRDA:368,30,1,0
BRDA:373,31,0,4
BRDA:373,31,1,2
BRDA:377,32,0,4
BRDA:377,32,1,0
BRDA:379,33,0,1
BRDA:379,33,1,1
BRDA:383,34,0,1
BRDA:383,34,1,0
BRDA:384,35,0,1
BRDA:384,35,1,0
BRF:72
BRH:61
end_of_record
TN:
SF:server/utils/db.js
FN:27,ensureDbData
FNF:1
FNH:1
FNDA:421,ensureDbData
DA:8,305
DA:12,305
DA:13,2
DA:14,2
DA:15,1
DA:17,2
DA:19,303
DA:20,303
DA:22,305
DA:24,305
DA:25,305
DA:28,421
DA:29,421
DA:30,421
DA:31,421
DA:32,421
DA:33,421
DA:34,421
DA:36,421
LF:19
LH:19
BRDA:8,0,0,305
BRDA:8,0,1,0
BRDA:12,1,0,2
BRDA:12,1,1,303
BRDA:14,2,0,1
BRDA:14,2,1,1
BRDA:22,3,0,302
BRDA:22,3,1,3
BRF:8
BRH:7
end_of_record
TN:
SF:server/utils/paths.js
FNF:0
FNH:0
DA:4,305
DA:5,305
LF:2
LH:2
BRF:0
BRH:0
end_of_record
TN:
SF:server/utils/plugin-scripts.js
FN:81,pluginUrl
FN:106,getPluginScripts
FN:148,getPluginScriptsFromTrials
FN:149,(anonymous_3)
FN:161,buildHtmlTags
FN:163,(anonymous_5)
FN:166,(anonymous_6)
FNF:7
FNH:7
FNDA:9,pluginUrl
FNDA:12,getPluginScripts
FNDA:4,getPluginScriptsFromTrials
FNDA:3,(anonymous_3)
FNDA:3,buildHtmlTags
FNDA:3,(anonymous_5)
FNDA:1,(anonymous_6)
DA:13,35
DA:35,35
DA:45,35
DA:57,35
DA:64,35
DA:70,35
DA:82,9
DA:83,9
DA:107,12
DA:109,12
DA:110,12
DA:111,12
DA:113,12
DA:116,10
DA:117,1
DA:120,10
DA:121,3
DA:122,3
DA:128,10
DA:130,9
DA:134,12
DA:135,1
DA:138,12
DA:149,4
DA:150,4
DA:162,3
DA:163,3
DA:165,3
DA:166,1
DA:168,3
LF:30
LH:30
BRDA:82,0,0,9
BRDA:82,0,1,4
BRDA:116,1,0,1
BRDA:116,1,1,9
BRDA:120,2,0,3
BRDA:120,2,1,7
BRDA:128,3,0,1
BRDA:128,3,1,9
BRDA:134,4,0,1
BRDA:134,4,1,11
BRDA:149,5,0,4
BRDA:149,5,1,3
BRF:12
BRH:12
end_of_record
TN:
SF:server/utils/templates.js
FN:6,ensureTemplate
FNF:1
FNH:1
FNDA:17,ensureTemplate
DA:7,17
DA:8,17
DA:10,17
DA:11,11
DA:14,17
DA:15,17
DA:18,17
DA:19,16
DA:21,1
DA:22,1
DA:25,16
LF:11
LH:11
BRDA:10,0,0,11
BRDA:10,0,1,6
BRDA:18,1,0,16
BRDA:18,1,1,1
BRF:4
BRH:4
end_of_record
